# JRE version: OpenJDK Runtime Environment (17.0.6) (build 17.0.6+0-b2043.56-10027231)
# Java VM: OpenJDK 64-Bit Server VM (17.0.6+0-b2043.56-10027231, mixed mode, tiered, compressed oops, compressed class ptrs, g1 gc, windows-amd64)
GC Precious Log:
 CPUs: 8 total, 8 available
 Memory: 16228M
 Large Page Support: Disabled
 NUMA Support: Disabled
 Compressed Oops: Enabled (32-bit)
 Heap Region Size: 1M
 Heap Min Capacity: 8M
 Heap Initial Capacity: 254M
 Heap Max Capacity: 2G
 Pre-touch: Disabled
 Parallel Workers: 8
 Concurrent Workers: 2
 Concurrent Refinement Workers: 8
 Periodic GC: Disabled
Heap:
 garbage-first heap   total 348160K, used 205090K [0x0000000080000000, 0x0000000100000000)
  region size 1024K, 58 young (59392K), 3 survivors (3072K)
 Metaspace       used 128994K, committed 129856K, reserved 1163264K
  class space    used 17113K, committed 17536K, reserved 1048576K
GC Heap History (20 events):
Event: 11.016 GC heap before
{Heap before GC invocations=30 (full 0):
 garbage-first heap   total 202752K, used 160094K [0x0000000080000000, 0x0000000100000000)
  region size 1024K, 82 young (83968K), 7 survivors (7168K)
 Metaspace       used 101616K, committed 102336K, reserved 1138688K
  class space    used 13704K, committed 14016K, reserved 1048576K
}
Event: 11.024 GC heap after
{Heap after GC invocations=31 (full 0):
 garbage-first heap   total 202752K, used 93791K [0x0000000080000000, 0x0000000100000000)
  region size 1024K, 11 young (11264K), 11 survivors (11264K)
 Metaspace       used 101616K, committed 102336K, reserved 1138688K
  class space    used 13704K, committed 14016K, reserved 1048576K
}
Event: 11.848 GC heap before
{Heap before GC invocations=31 (full 0):
 garbage-first heap   total 202752K, used 159327K [0x0000000080000000, 0x0000000100000000)
  region size 1024K, 76 young (77824K), 11 survivors (11264K)
 Metaspace       used 104378K, committed 105088K, reserved 1146880K
  class space    used 14029K, committed 14400K, reserved 1048576K
}
Event: 11.864 GC heap after
{Heap after GC invocations=32 (full 0):
 garbage-first heap   total 202752K, used 100388K [0x0000000080000000, 0x0000000100000000)
  region size 1024K, 8 young (8192K), 8 survivors (8192K)
 Metaspace       used 104378K, committed 105088K, reserved 1146880K
  class space    used 14029K, committed 14400K, reserved 1048576K
}
Event: 12.465 GC heap before
{Heap before GC invocations=32 (full 0):
 garbage-first heap   total 202752K, used 159780K [0x0000000080000000, 0x0000000100000000)
  region size 1024K, 67 young (68608K), 8 survivors (8192K)
 Metaspace       used 111905K, committed 112640K, reserved 1146880K
  class space    used 15050K, committed 15424K, reserved 1048576K
}
Event: 12.472 GC heap after
{Heap after GC invocations=33 (full 0):
 garbage-first heap   total 202752K, used 104161K [0x0000000080000000, 0x0000000100000000)
  region size 1024K, 4 young (4096K), 4 survivors (4096K)
 Metaspace       used 111905K, committed 112640K, reserved 1146880K
  class space    used 15050K, committed 15424K, reserved 1048576K
}
Event: 13.491 GC heap before
{Heap before GC invocations=34 (full 0):
 garbage-first heap   total 202752K, used 162529K [0x0000000080000000, 0x0000000100000000)
  region size 1024K, 62 young (63488K), 4 survivors (4096K)
 Metaspace       used 120271K, committed 121088K, reserved 1155072K
  class space    used 16449K, committed 16832K, reserved 1048576K
}
Event: 13.497 GC heap after
{Heap after GC invocations=35 (full 0):
 garbage-first heap   total 202752K, used 107405K [0x0000000080000000, 0x0000000100000000)
  region size 1024K, 7 young (7168K), 7 survivors (7168K)
 Metaspace       used 120271K, committed 121088K, reserved 1155072K
  class space    used 16449K, committed 16832K, reserved 1048576K
}
Event: 13.524 GC heap before
{Heap before GC invocations=35 (full 0):
 garbage-first heap   total 202752K, used 109453K [0x0000000080000000, 0x0000000100000000)
  region size 1024K, 9 young (9216K), 7 survivors (7168K)
 Metaspace       used 120591K, committed 121344K, reserved 1155072K
  class space    used 16492K, committed 16832K, reserved 1048576K
}
Event: 13.531 GC heap after
{Heap after GC invocations=36 (full 0):
 garbage-first heap   total 202752K, used 107181K [0x0000000080000000, 0x0000000100000000)
  region size 1024K, 2 young (2048K), 2 survivors (2048K)
 Metaspace       used 120591K, committed 121344K, reserved 1155072K
  class space    used 16492K, committed 16832K, reserved 1048576K
}
Event: 116.798 GC heap before
{Heap before GC invocations=36 (full 0):
 garbage-first heap   total 202752K, used 190125K [0x0000000080000000, 0x0000000100000000)
  region size 1024K, 57 young (58368K), 2 survivors (2048K)
 Metaspace       used 125686K, committed 126464K, reserved 1163264K
  class space    used 16964K, committed 17344K, reserved 1048576K
}
Event: 116.803 GC heap after
{Heap after GC invocations=37 (full 0):
 garbage-first heap   total 348160K, used 109198K [0x0000000080000000, 0x0000000100000000)
  region size 1024K, 4 young (4096K), 4 survivors (4096K)
 Metaspace       used 125686K, committed 126464K, reserved 1163264K
  class space    used 16964K, committed 17344K, reserved 1048576K
}
Event: 143.719 GC heap before
{Heap before GC invocations=38 (full 0):
 garbage-first heap   total 348160K, used 311950K [0x0000000080000000, 0x0000000100000000)
  region size 1024K, 173 young (177152K), 4 survivors (4096K)
 Metaspace       used 127292K, committed 128128K, reserved 1163264K
  class space    used 17021K, committed 17408K, reserved 1048576K
}
Event: 143.727 GC heap after
{Heap after GC invocations=39 (full 0):
 garbage-first heap   total 348160K, used 115494K [0x0000000080000000, 0x0000000100000000)
  region size 1024K, 8 young (8192K), 8 survivors (8192K)
 Metaspace       used 127292K, committed 128128K, reserved 1163264K
  class space    used 17021K, committed 17408K, reserved 1048576K
}
Event: 143.820 GC heap before
{Heap before GC invocations=39 (full 0):
 garbage-first heap   total 348160K, used 123686K [0x0000000080000000, 0x0000000100000000)
  region size 1024K, 17 young (17408K), 8 survivors (8192K)
 Metaspace       used 127323K, committed 128128K, reserved 1163264K
  class space    used 17022K, committed 17408K, reserved 1048576K
}
Event: 143.827 GC heap after
{Heap after GC invocations=40 (full 0):
 garbage-first heap   total 348160K, used 111599K [0x0000000080000000, 0x0000000100000000)
  region size 1024K, 2 young (2048K), 2 survivors (2048K)
 Metaspace       used 127323K, committed 128128K, reserved 1163264K
  class space    used 17022K, committed 17408K, reserved 1048576K
}
Event: 431.129 GC heap before
{Heap before GC invocations=40 (full 0):
 garbage-first heap   total 348160K, used 318447K [0x0000000080000000, 0x0000000100000000)
  region size 1024K, 173 young (177152K), 2 survivors (2048K)
 Metaspace       used 128383K, committed 129344K, reserved 1163264K
  class space    used 17079K, committed 17536K, reserved 1048576K
}
Event: 431.140 GC heap after
{Heap after GC invocations=41 (full 0):
 garbage-first heap   total 348160K, used 129941K [0x0000000080000000, 0x0000000100000000)
  region size 1024K, 16 young (16384K), 16 survivors (16384K)
 Metaspace       used 128383K, committed 129344K, reserved 1163264K
  class space    used 17079K, committed 17536K, reserved 1048576K
}
Event: 431.578 GC heap before
{Heap before GC invocations=41 (full 0):
 garbage-first heap   total 348160K, used 187285K [0x0000000080000000, 0x0000000100000000)
  region size 1024K, 72 young (73728K), 16 survivors (16384K)
 Metaspace       used 128676K, committed 129664K, reserved 1163264K
  class space    used 17090K, committed 17536K, reserved 1048576K
}
Event: 431.585 GC heap after
{Heap after GC invocations=42 (full 0):
 garbage-first heap   total 348160K, used 125218K [0x0000000080000000, 0x0000000100000000)
  region size 1024K, 3 young (3072K), 3 survivors (3072K)
 Metaspace       used 128676K, committed 129664K, reserved 1163264K
  class space    used 17090K, committed 17536K, reserved 1048576K
}

