# JRE version: OpenJDK Runtime Environment (17.0.7) (build 17.0.7+0-b2043.56-10550314)
# Java VM: OpenJDK 64-Bit Server VM (17.0.7+0-b2043.56-10550314, mixed mode, tiered, compressed oops, compressed class ptrs, g1 gc, windows-amd64)
GC Precious Log:
 CPUs: 8 total, 8 available
 Memory: 16228M
 Large Page Support: Disabled
 NUMA Support: Disabled
 Compressed Oops: Enabled (32-bit)
 Heap Region Size: 1M
 Heap Min Capacity: 8M
 Heap Initial Capacity: 254M
 Heap Max Capacity: 2G
 Pre-touch: Disabled
 Parallel Workers: 8
 Concurrent Workers: 2
 Concurrent Refinement Workers: 8
 Periodic GC: Disabled
Heap:
 garbage-first heap   total 307200K, used 208172K [0x0000000080000000, 0x0000000100000000)
  region size 1024K, 39 young (39936K), 9 survivors (9216K)
 Metaspace       used 141213K, committed 142272K, reserved 1179648K
  class space    used 18910K, committed 19392K, reserved 1048576K
GC Heap History (20 events):
Event: 16.404 GC heap before
{Heap before GC invocations=43 (full 0):
 garbage-first heap   total 256000K, used 207647K [0x0000000080000000, 0x0000000100000000)
  region size 1024K, 72 young (73728K), 10 survivors (10240K)
 Metaspace       used 127168K, committed 128064K, reserved 1179648K
  class space    used 17360K, committed 17792K, reserved 1048576K
}
Event: 16.418 GC heap after
{Heap after GC invocations=44 (full 0):
 garbage-first heap   total 256000K, used 152370K [0x0000000080000000, 0x0000000100000000)
  region size 1024K, 8 young (8192K), 8 survivors (8192K)
 Metaspace       used 127168K, committed 128064K, reserved 1179648K
  class space    used 17360K, committed 17792K, reserved 1048576K
}
Event: 16.742 GC heap before
{Heap before GC invocations=44 (full 0):
 garbage-first heap   total 256000K, used 209714K [0x0000000080000000, 0x0000000100000000)
  region size 1024K, 65 young (66560K), 8 survivors (8192K)
 Metaspace       used 130080K, committed 131008K, reserved 1179648K
  class space    used 17817K, committed 18240K, reserved 1048576K
}
Event: 16.749 GC heap after
{Heap after GC invocations=45 (full 0):
 garbage-first heap   total 256000K, used 156395K [0x0000000080000000, 0x0000000100000000)
  region size 1024K, 5 young (5120K), 5 survivors (5120K)
 Metaspace       used 130080K, committed 131008K, reserved 1179648K
  class space    used 17817K, committed 18240K, reserved 1048576K
}
Event: 17.059 GC heap before
{Heap before GC invocations=45 (full 0):
 garbage-first heap   total 256000K, used 212715K [0x0000000080000000, 0x0000000100000000)
  region size 1024K, 60 young (61440K), 5 survivors (5120K)
 Metaspace       used 130836K, committed 131712K, reserved 1179648K
  class space    used 17875K, committed 18304K, reserved 1048576K
}
Event: 17.063 GC heap after
{Heap after GC invocations=46 (full 0):
 garbage-first heap   total 307200K, used 152760K [0x0000000080000000, 0x0000000100000000)
  region size 1024K, 2 young (2048K), 2 survivors (2048K)
 Metaspace       used 130836K, committed 131712K, reserved 1179648K
  class space    used 17875K, committed 18304K, reserved 1048576K
}
Event: 17.812 GC heap before
{Heap before GC invocations=46 (full 0):
 garbage-first heap   total 307200K, used 274616K [0x0000000080000000, 0x0000000100000000)
  region size 1024K, 92 young (94208K), 2 survivors (2048K)
 Metaspace       used 134310K, committed 135232K, reserved 1179648K
  class space    used 18337K, committed 18752K, reserved 1048576K
}
Event: 17.817 GC heap after
{Heap after GC invocations=47 (full 0):
 garbage-first heap   total 307200K, used 167800K [0x0000000080000000, 0x0000000100000000)
  region size 1024K, 4 young (4096K), 4 survivors (4096K)
 Metaspace       used 134310K, committed 135232K, reserved 1179648K
  class space    used 18337K, committed 18752K, reserved 1048576K
}
Event: 17.846 GC heap before
{Heap before GC invocations=47 (full 0):
 garbage-first heap   total 307200K, used 194424K [0x0000000080000000, 0x0000000100000000)
  region size 1024K, 5 young (5120K), 4 survivors (4096K)
 Metaspace       used 134313K, committed 135232K, reserved 1179648K
  class space    used 18338K, committed 18752K, reserved 1048576K
}
Event: 17.852 GC heap after
{Heap after GC invocations=48 (full 0):
 garbage-first heap   total 307200K, used 169830K [0x0000000080000000, 0x0000000100000000)
  region size 1024K, 4 young (4096K), 4 survivors (4096K)
 Metaspace       used 134313K, committed 135232K, reserved 1179648K
  class space    used 18338K, committed 18752K, reserved 1048576K
}
Event: 37.287 GC heap before
{Heap before GC invocations=48 (full 0):
 garbage-first heap   total 307200K, used 270182K [0x0000000080000000, 0x0000000100000000)
  region size 1024K, 90 young (92160K), 4 survivors (4096K)
 Metaspace       used 138961K, committed 139840K, reserved 1179648K
  class space    used 18752K, committed 19136K, reserved 1048576K
}
Event: 37.295 GC heap after
{Heap after GC invocations=49 (full 0):
 garbage-first heap   total 307200K, used 161196K [0x0000000080000000, 0x0000000100000000)
  region size 1024K, 10 young (10240K), 10 survivors (10240K)
 Metaspace       used 138961K, committed 139840K, reserved 1179648K
  class space    used 18752K, committed 19136K, reserved 1048576K
}
Event: 71.153 GC heap before
{Heap before GC invocations=49 (full 0):
 garbage-first heap   total 307200K, used 254380K [0x0000000080000000, 0x0000000100000000)
  region size 1024K, 102 young (104448K), 10 survivors (10240K)
 Metaspace       used 139843K, committed 140800K, reserved 1179648K
  class space    used 18842K, committed 19328K, reserved 1048576K
}
Event: 71.161 GC heap after
{Heap after GC invocations=50 (full 0):
 garbage-first heap   total 307200K, used 165998K [0x0000000080000000, 0x0000000100000000)
  region size 1024K, 12 young (12288K), 12 survivors (12288K)
 Metaspace       used 139843K, committed 140800K, reserved 1179648K
  class space    used 18842K, committed 19328K, reserved 1048576K
}
Event: 83.843 GC heap before
{Heap before GC invocations=50 (full 0):
 garbage-first heap   total 307200K, used 255086K [0x0000000080000000, 0x0000000100000000)
  region size 1024K, 100 young (102400K), 12 survivors (12288K)
 Metaspace       used 140346K, committed 141312K, reserved 1179648K
  class space    used 18877K, committed 19328K, reserved 1048576K
}
Event: 83.851 GC heap after
{Heap after GC invocations=51 (full 0):
 garbage-first heap   total 307200K, used 166512K [0x0000000080000000, 0x0000000100000000)
  region size 1024K, 6 young (6144K), 6 survivors (6144K)
 Metaspace       used 140346K, committed 141312K, reserved 1179648K
  class space    used 18877K, committed 19328K, reserved 1048576K
}
Event: 84.975 GC heap before
{Heap before GC invocations=51 (full 0):
 garbage-first heap   total 307200K, used 257648K [0x0000000080000000, 0x0000000100000000)
  region size 1024K, 96 young (98304K), 6 survivors (6144K)
 Metaspace       used 140802K, committed 141888K, reserved 1179648K
  class space    used 18901K, committed 19392K, reserved 1048576K
}
Event: 84.987 GC heap after
{Heap after GC invocations=52 (full 0):
 garbage-first heap   total 307200K, used 173290K [0x0000000080000000, 0x0000000100000000)
  region size 1024K, 12 young (12288K), 12 survivors (12288K)
 Metaspace       used 140802K, committed 141888K, reserved 1179648K
  class space    used 18901K, committed 19392K, reserved 1048576K
}
Event: 105.018 GC heap before
{Heap before GC invocations=52 (full 0):
 garbage-first heap   total 307200K, used 257258K [0x0000000080000000, 0x0000000100000000)
  region size 1024K, 95 young (97280K), 12 survivors (12288K)
 Metaspace       used 141121K, committed 142208K, reserved 1179648K
  class space    used 18909K, committed 19392K, reserved 1048576K
}
Event: 105.030 GC heap after
{Heap after GC invocations=53 (full 0):
 garbage-first heap   total 307200K, used 179500K [0x0000000080000000, 0x0000000100000000)
  region size 1024K, 9 young (9216K), 9 survivors (9216K)
 Metaspace       used 141121K, committed 142208K, reserved 1179648K
  class space    used 18909K, committed 19392K, reserved 1048576K
}

