# JRE version: OpenJDK Runtime Environment (17.0.6) (build 17.0.6+0-b2043.56-10027231)
# Java VM: OpenJDK 64-Bit Server VM (17.0.6+0-b2043.56-10027231, mixed mode, tiered, compressed oops, compressed class ptrs, g1 gc, windows-amd64)
GC Precious Log:
 CPUs: 8 total, 8 available
 Memory: 16228M
 Large Page Support: Disabled
 NUMA Support: Disabled
 Compressed Oops: Enabled (32-bit)
 Heap Region Size: 1M
 Heap Min Capacity: 8M
 Heap Initial Capacity: 254M
 Heap Max Capacity: 2G
 Pre-touch: Disabled
 Parallel Workers: 8
 Concurrent Workers: 2
 Concurrent Refinement Workers: 8
 Periodic GC: Disabled
Heap:
 garbage-first heap   total 407552K, used 138444K [0x0000000080000000, 0x0000000100000000)
  region size 1024K, 5 young (5120K), 5 survivors (5120K)
 Metaspace       used 132718K, committed 133632K, reserved 1171456K
  class space    used 17691K, committed 18112K, reserved 1048576K
GC Heap History (20 events):
Event: 481.173 GC heap after
{Heap after GC invocations=55 (full 0):
 garbage-first heap   total 386048K, used 110984K [0x0000000080000000, 0x0000000100000000)
  region size 1024K, 3 young (3072K), 3 survivors (3072K)
 Metaspace       used 108596K, committed 109376K, reserved 1146880K
  class space    used 14292K, committed 14656K, reserved 1048576K
}
Event: 484.675 GC heap before
{Heap before GC invocations=55 (full 0):
 garbage-first heap   total 386048K, used 180616K [0x0000000080000000, 0x0000000100000000)
  region size 1024K, 73 young (74752K), 3 survivors (3072K)
 Metaspace       used 116364K, committed 117184K, reserved 1155072K
  class space    used 15290K, committed 15680K, reserved 1048576K
}
Event: 484.679 GC heap after
{Heap after GC invocations=56 (full 0):
 garbage-first heap   total 386048K, used 115092K [0x0000000080000000, 0x0000000100000000)
  region size 1024K, 7 young (7168K), 7 survivors (7168K)
 Metaspace       used 116364K, committed 117184K, reserved 1155072K
  class space    used 15290K, committed 15680K, reserved 1048576K
}
Event: 533.590 GC heap before
{Heap before GC invocations=57 (full 0):
 garbage-first heap   total 386048K, used 335304K [0x0000000080000000, 0x0000000100000000)
  region size 1024K, 194 young (198656K), 7 survivors (7168K)
 Metaspace       used 131831K, committed 132672K, reserved 1171456K
  class space    used 17632K, committed 18048K, reserved 1048576K
}
Event: 533.608 GC heap after
{Heap after GC invocations=58 (full 0):
 garbage-first heap   total 386048K, used 137503K [0x0000000080000000, 0x0000000100000000)
  region size 1024K, 25 young (25600K), 25 survivors (25600K)
 Metaspace       used 131831K, committed 132672K, reserved 1171456K
  class space    used 17632K, committed 18048K, reserved 1048576K
}
Event: 533.613 GC heap before
{Heap before GC invocations=58 (full 0):
 garbage-first heap   total 386048K, used 138527K [0x0000000080000000, 0x0000000100000000)
  region size 1024K, 26 young (26624K), 25 survivors (25600K)
 Metaspace       used 131831K, committed 132672K, reserved 1171456K
  class space    used 17632K, committed 18048K, reserved 1048576K
}
Event: 533.626 GC heap after
{Heap after GC invocations=59 (full 0):
 garbage-first heap   total 386048K, used 133331K [0x0000000080000000, 0x0000000100000000)
  region size 1024K, 1 young (1024K), 1 survivors (1024K)
 Metaspace       used 131831K, committed 132672K, reserved 1171456K
  class space    used 17632K, committed 18048K, reserved 1048576K
}
Event: 533.673 GC heap before
{Heap before GC invocations=59 (full 0):
 garbage-first heap   total 386048K, used 141523K [0x0000000080000000, 0x0000000100000000)
  region size 1024K, 11 young (11264K), 1 survivors (1024K)
 Metaspace       used 131839K, committed 132672K, reserved 1171456K
  class space    used 17632K, committed 18048K, reserved 1048576K
}
Event: 533.679 GC heap after
{Heap after GC invocations=60 (full 0):
 garbage-first heap   total 386048K, used 141132K [0x0000000080000000, 0x0000000100000000)
  region size 1024K, 9 young (9216K), 9 survivors (9216K)
 Metaspace       used 131839K, committed 132672K, reserved 1171456K
  class space    used 17632K, committed 18048K, reserved 1048576K
}
Event: 567.541 GC heap before
{Heap before GC invocations=61 (full 0):
 garbage-first heap   total 386048K, used 302924K [0x0000000080000000, 0x0000000100000000)
  region size 1024K, 127 young (130048K), 9 survivors (9216K)
 Metaspace       used 132294K, committed 133184K, reserved 1171456K
  class space    used 17671K, committed 18112K, reserved 1048576K
}
Event: 567.549 GC heap after
{Heap after GC invocations=62 (full 0):
 garbage-first heap   total 386048K, used 141024K [0x0000000080000000, 0x0000000100000000)
  region size 1024K, 11 young (11264K), 11 survivors (11264K)
 Metaspace       used 132294K, committed 133184K, reserved 1171456K
  class space    used 17671K, committed 18112K, reserved 1048576K
}
Event: 567.596 GC heap before
{Heap before GC invocations=62 (full 0):
 garbage-first heap   total 386048K, used 149216K [0x0000000080000000, 0x0000000100000000)
  region size 1024K, 18 young (18432K), 11 survivors (11264K)
 Metaspace       used 132326K, committed 133184K, reserved 1171456K
  class space    used 17672K, committed 18112K, reserved 1048576K
}
Event: 567.603 GC heap after
{Heap after GC invocations=63 (full 0):
 garbage-first heap   total 386048K, used 137377K [0x0000000080000000, 0x0000000100000000)
  region size 1024K, 3 young (3072K), 3 survivors (3072K)
 Metaspace       used 132326K, committed 133184K, reserved 1171456K
  class space    used 17672K, committed 18112K, reserved 1048576K
}
Event: 567.728 GC heap before
{Heap before GC invocations=63 (full 0):
 garbage-first heap   total 386048K, used 171169K [0x0000000080000000, 0x0000000100000000)
  region size 1024K, 38 young (38912K), 3 survivors (3072K)
 Metaspace       used 132345K, committed 133312K, reserved 1171456K
  class space    used 17672K, committed 18112K, reserved 1048576K
}
Event: 567.741 GC heap after
{Heap after GC invocations=64 (full 0):
 garbage-first heap   total 386048K, used 155621K [0x0000000080000000, 0x0000000100000000)
  region size 1024K, 17 young (17408K), 17 survivors (17408K)
 Metaspace       used 132345K, committed 133312K, reserved 1171456K
  class space    used 17672K, committed 18112K, reserved 1048576K
}
Event: 619.378 GC heap before
{Heap before GC invocations=65 (full 0):
 garbage-first heap   total 386048K, used 278501K [0x0000000080000000, 0x0000000100000000)
  region size 1024K, 105 young (107520K), 17 survivors (17408K)
 Metaspace       used 132583K, committed 133504K, reserved 1171456K
  class space    used 17691K, committed 18112K, reserved 1048576K
}
Event: 619.389 GC heap after
{Heap after GC invocations=66 (full 0):
 garbage-first heap   total 386048K, used 149434K [0x0000000080000000, 0x0000000100000000)
  region size 1024K, 5 young (5120K), 5 survivors (5120K)
 Metaspace       used 132583K, committed 133504K, reserved 1171456K
  class space    used 17691K, committed 18112K, reserved 1048576K
}
Event: 619.472 GC heap before
{Heap before GC invocations=66 (full 0):
 garbage-first heap   total 386048K, used 161722K [0x0000000080000000, 0x0000000100000000)
  region size 1024K, 18 young (18432K), 5 survivors (5120K)
 Metaspace       used 132621K, committed 133504K, reserved 1171456K
  class space    used 17691K, committed 18112K, reserved 1048576K
}
Event: 619.481 GC heap after
{Heap after GC invocations=67 (full 0):
 garbage-first heap   total 386048K, used 135837K [0x0000000080000000, 0x0000000100000000)
  region size 1024K, 2 young (2048K), 2 survivors (2048K)
 Metaspace       used 132621K, committed 133504K, reserved 1171456K
  class space    used 17691K, committed 18112K, reserved 1048576K
}
Event: 619.637 GC heap before
{Heap before GC invocations=67 (full 0):
 garbage-first heap   total 386048K, used 155293K [0x0000000080000000, 0x0000000100000000)
  region size 1024K, 22 young (22528K), 2 survivors (2048K)
 Metaspace       used 132718K, committed 133632K, reserved 1171456K
  class space    used 17691K, committed 18112K, reserved 1048576K
}

