# JRE version: OpenJDK Runtime Environment (17.0.7) (build 17.0.7+0-b2043.56-10550314)
# Java VM: OpenJDK 64-Bit Server VM (17.0.7+0-b2043.56-10550314, mixed mode, tiered, compressed oops, compressed class ptrs, g1 gc, windows-amd64)
GC Precious Log:
 CPUs: 8 total, 8 available
 Memory: 16228M
 Large Page Support: Disabled
 NUMA Support: Disabled
 Compressed Oops: Enabled (32-bit)
 Heap Region Size: 1M
 Heap Min Capacity: 8M
 Heap Initial Capacity: 254M
 Heap Max Capacity: 2G
 Pre-touch: Disabled
 Parallel Workers: 8
 Concurrent Workers: 2
 Concurrent Refinement Workers: 8
 Periodic GC: Disabled
Heap:
 garbage-first heap   total 269312K, used 134940K [0x0000000080000000, 0x0000000100000000)
  region size 1024K, 8 young (8192K), 8 survivors (8192K)
 Metaspace       used 104666K, committed 105408K, reserved 1179648K
  class space    used 14004K, committed 14336K, reserved 1048576K
GC Heap History (20 events):
Event: 6.048 GC heap after
{Heap after GC invocations=24 (full 0):
 garbage-first heap   total 104448K, used 56265K [0x0000000080000000, 0x0000000100000000)
  region size 1024K, 4 young (4096K), 4 survivors (4096K)
 Metaspace       used 69119K, committed 69696K, reserved 1114112K
  class space    used 9132K, committed 9408K, reserved 1048576K
}
Event: 6.060 GC heap before
{Heap before GC invocations=24 (full 0):
 garbage-first heap   total 104448K, used 57289K [0x0000000080000000, 0x0000000100000000)
  region size 1024K, 5 young (5120K), 4 survivors (4096K)
 Metaspace       used 69238K, committed 69824K, reserved 1114112K
  class space    used 9150K, committed 9408K, reserved 1048576K
}
Event: 6.063 GC heap after
{Heap after GC invocations=25 (full 0):
 garbage-first heap   total 104448K, used 56170K [0x0000000080000000, 0x0000000100000000)
  region size 1024K, 1 young (1024K), 1 survivors (1024K)
 Metaspace       used 69238K, committed 69824K, reserved 1114112K
  class space    used 9150K, committed 9408K, reserved 1048576K
}
Event: 6.329 GC heap before
{Heap before GC invocations=25 (full 0):
 garbage-first heap   total 104448K, used 82794K [0x0000000080000000, 0x0000000100000000)
  region size 1024K, 27 young (27648K), 1 survivors (1024K)
 Metaspace       used 72954K, committed 73536K, reserved 1114112K
  class space    used 9654K, committed 9920K, reserved 1048576K
}
Event: 6.331 GC heap after
{Heap after GC invocations=26 (full 0):
 garbage-first heap   total 104448K, used 57135K [0x0000000080000000, 0x0000000100000000)
  region size 1024K, 2 young (2048K), 2 survivors (2048K)
 Metaspace       used 72954K, committed 73536K, reserved 1114112K
  class space    used 9654K, committed 9920K, reserved 1048576K
}
Event: 6.597 GC heap before
{Heap before GC invocations=27 (full 0):
 garbage-first heap   total 104448K, used 83759K [0x0000000080000000, 0x0000000100000000)
  region size 1024K, 28 young (28672K), 2 survivors (2048K)
 Metaspace       used 75042K, committed 75648K, reserved 1114112K
  class space    used 9914K, committed 10176K, reserved 1048576K
}
Event: 6.600 GC heap after
{Heap after GC invocations=28 (full 0):
 garbage-first heap   total 104448K, used 60290K [0x0000000080000000, 0x0000000100000000)
  region size 1024K, 4 young (4096K), 4 survivors (4096K)
 Metaspace       used 75042K, committed 75648K, reserved 1114112K
  class space    used 9914K, committed 10176K, reserved 1048576K
}
Event: 6.605 GC heap before
{Heap before GC invocations=28 (full 0):
 garbage-first heap   total 104448K, used 61314K [0x0000000080000000, 0x0000000100000000)
  region size 1024K, 5 young (5120K), 4 survivors (4096K)
 Metaspace       used 75074K, committed 75648K, reserved 1114112K
  class space    used 9922K, committed 10176K, reserved 1048576K
}
Event: 6.608 GC heap after
{Heap after GC invocations=29 (full 0):
 garbage-first heap   total 269312K, used 60271K [0x0000000080000000, 0x0000000100000000)
  region size 1024K, 1 young (1024K), 1 survivors (1024K)
 Metaspace       used 75074K, committed 75648K, reserved 1114112K
  class space    used 9922K, committed 10176K, reserved 1048576K
}
Event: 8.103 GC heap before
{Heap before GC invocations=29 (full 0):
 garbage-first heap   total 269312K, used 194415K [0x0000000080000000, 0x0000000100000000)
  region size 1024K, 132 young (135168K), 1 survivors (1024K)
 Metaspace       used 89670K, committed 90368K, reserved 1179648K
  class space    used 12169K, committed 12480K, reserved 1048576K
}
Event: 8.112 GC heap after
{Heap after GC invocations=30 (full 0):
 garbage-first heap   total 269312K, used 68157K [0x0000000080000000, 0x0000000100000000)
  region size 1024K, 9 young (9216K), 9 survivors (9216K)
 Metaspace       used 89670K, committed 90368K, reserved 1179648K
  class space    used 12169K, committed 12480K, reserved 1048576K
}
Event: 9.061 GC heap before
{Heap before GC invocations=30 (full 0):
 garbage-first heap   total 269312K, used 204349K [0x0000000080000000, 0x0000000100000000)
  region size 1024K, 142 young (145408K), 9 survivors (9216K)
 Metaspace       used 94747K, committed 95424K, reserved 1179648K
  class space    used 12881K, committed 13184K, reserved 1048576K
}
Event: 9.082 GC heap after
{Heap after GC invocations=31 (full 0):
 garbage-first heap   total 269312K, used 87275K [0x0000000080000000, 0x0000000100000000)
  region size 1024K, 18 young (18432K), 18 survivors (18432K)
 Metaspace       used 94747K, committed 95424K, reserved 1179648K
  class space    used 12881K, committed 13184K, reserved 1048576K
}
Event: 9.925 GC heap before
{Heap before GC invocations=31 (full 0):
 garbage-first heap   total 269312K, used 201963K [0x0000000080000000, 0x0000000100000000)
  region size 1024K, 129 young (132096K), 18 survivors (18432K)
 Metaspace       used 98335K, committed 99072K, reserved 1179648K
  class space    used 13313K, committed 13696K, reserved 1048576K
}
Event: 9.947 GC heap after
{Heap after GC invocations=32 (full 0):
 garbage-first heap   total 269312K, used 112737K [0x0000000080000000, 0x0000000100000000)
  region size 1024K, 17 young (17408K), 17 survivors (17408K)
 Metaspace       used 98335K, committed 99072K, reserved 1179648K
  class space    used 13313K, committed 13696K, reserved 1048576K
}
Event: 10.691 GC heap before
{Heap before GC invocations=32 (full 0):
 garbage-first heap   total 269312K, used 212065K [0x0000000080000000, 0x0000000100000000)
  region size 1024K, 98 young (100352K), 17 survivors (17408K)
 Metaspace       used 102452K, committed 103104K, reserved 1179648K
  class space    used 13781K, committed 14080K, reserved 1048576K
}
Event: 10.705 GC heap after
{Heap after GC invocations=33 (full 0):
 garbage-first heap   total 269312K, used 122892K [0x0000000080000000, 0x0000000100000000)
  region size 1024K, 10 young (10240K), 10 survivors (10240K)
 Metaspace       used 102452K, committed 103104K, reserved 1179648K
  class space    used 13781K, committed 14080K, reserved 1048576K
}
Event: 11.031 GC heap before
{Heap before GC invocations=33 (full 0):
 garbage-first heap   total 269312K, used 201740K [0x0000000080000000, 0x0000000100000000)
  region size 1024K, 88 young (90112K), 10 survivors (10240K)
 Metaspace       used 103355K, committed 104064K, reserved 1179648K
  class space    used 13852K, committed 14144K, reserved 1048576K
}
Event: 11.042 GC heap after
{Heap after GC invocations=34 (full 0):
 garbage-first heap   total 269312K, used 129305K [0x0000000080000000, 0x0000000100000000)
  region size 1024K, 8 young (8192K), 8 survivors (8192K)
 Metaspace       used 103355K, committed 104064K, reserved 1179648K
  class space    used 13852K, committed 14144K, reserved 1048576K
}
Event: 11.741 GC heap before
{Heap before GC invocations=34 (full 0):
 garbage-first heap   total 269312K, used 206105K [0x0000000080000000, 0x0000000100000000)
  region size 1024K, 84 young (86016K), 8 survivors (8192K)
 Metaspace       used 104666K, committed 105408K, reserved 1179648K
  class space    used 14004K, committed 14336K, reserved 1048576K
}

