# JRE version: OpenJDK Runtime Environment (17.0.7) (build 17.0.7+0-b2043.56-10550314)
# Java VM: OpenJDK 64-Bit Server VM (17.0.7+0-b2043.56-10550314, mixed mode, tiered, compressed oops, compressed class ptrs, g1 gc, windows-amd64)
GC Precious Log:
 CPUs: 8 total, 8 available
 Memory: 16228M
 Large Page Support: Disabled
 NUMA Support: Disabled
 Compressed Oops: Enabled (32-bit)
 Heap Region Size: 1M
 Heap Min Capacity: 8M
 Heap Initial Capacity: 254M
 Heap Max Capacity: 2G
 Pre-touch: Disabled
 Parallel Workers: 8
 Concurrent Workers: 2
 Concurrent Refinement Workers: 8
 Periodic GC: Disabled
Heap:
 garbage-first heap   total 305152K, used 224797K [0x0000000080000000, 0x0000000100000000)
  region size 1024K, 122 young (124928K), 11 survivors (11264K)
 Metaspace       used 111471K, committed 112192K, reserved 1179648K
  class space    used 14862K, committed 15168K, reserved 1048576K
GC Heap History (20 events):
Event: 7.738 GC heap before
{Heap before GC invocations=20 (full 0):
 garbage-first heap   total 152576K, used 119940K [0x0000000080000000, 0x0000000100000000)
  region size 1024K, 62 young (63488K), 4 survivors (4096K)
 Metaspace       used 87342K, committed 87936K, reserved 1179648K
  class space    used 11889K, committed 12160K, reserved 1048576K
}
Event: 7.745 GC heap after
{Heap after GC invocations=21 (full 0):
 garbage-first heap   total 152576K, used 64476K [0x0000000080000000, 0x0000000100000000)
  region size 1024K, 7 young (7168K), 7 survivors (7168K)
 Metaspace       used 87342K, committed 87936K, reserved 1179648K
  class space    used 11889K, committed 12160K, reserved 1048576K
}
Event: 8.218 GC heap before
{Heap before GC invocations=21 (full 0):
 garbage-first heap   total 152576K, used 122844K [0x0000000080000000, 0x0000000100000000)
  region size 1024K, 64 young (65536K), 7 survivors (7168K)
 Metaspace       used 90892K, committed 91584K, reserved 1179648K
  class space    used 12330K, committed 12672K, reserved 1048576K
}
Event: 8.225 GC heap after
{Heap after GC invocations=22 (full 0):
 garbage-first heap   total 152576K, used 71727K [0x0000000080000000, 0x0000000100000000)
  region size 1024K, 8 young (8192K), 8 survivors (8192K)
 Metaspace       used 90892K, committed 91584K, reserved 1179648K
  class space    used 12330K, committed 12672K, reserved 1048576K
}
Event: 8.658 GC heap before
{Heap before GC invocations=22 (full 0):
 garbage-first heap   total 152576K, used 120879K [0x0000000080000000, 0x0000000100000000)
  region size 1024K, 57 young (58368K), 8 survivors (8192K)
 Metaspace       used 93793K, committed 94464K, reserved 1179648K
  class space    used 12687K, committed 12992K, reserved 1048576K
}
Event: 8.668 GC heap after
{Heap after GC invocations=23 (full 0):
 garbage-first heap   total 152576K, used 80788K [0x0000000080000000, 0x0000000100000000)
  region size 1024K, 8 young (8192K), 8 survivors (8192K)
 Metaspace       used 93793K, committed 94464K, reserved 1179648K
  class space    used 12687K, committed 12992K, reserved 1048576K
}
Event: 8.836 GC heap before
{Heap before GC invocations=23 (full 0):
 garbage-first heap   total 152576K, used 120724K [0x0000000080000000, 0x0000000100000000)
  region size 1024K, 48 young (49152K), 8 survivors (8192K)
 Metaspace       used 94489K, committed 95232K, reserved 1179648K
  class space    used 12845K, committed 13184K, reserved 1048576K
}
Event: 8.844 GC heap after
{Heap after GC invocations=24 (full 0):
 garbage-first heap   total 152576K, used 86016K [0x0000000080000000, 0x0000000100000000)
  region size 1024K, 5 young (5120K), 5 survivors (5120K)
 Metaspace       used 94489K, committed 95232K, reserved 1179648K
  class space    used 12845K, committed 13184K, reserved 1048576K
}
Event: 9.068 GC heap before
{Heap before GC invocations=25 (full 0):
 garbage-first heap   total 167936K, used 121856K [0x0000000080000000, 0x0000000100000000)
  region size 1024K, 41 young (41984K), 5 survivors (5120K)
 Metaspace       used 94721K, committed 95424K, reserved 1179648K
  class space    used 12851K, committed 13184K, reserved 1048576K
}
Event: 9.073 GC heap after
{Heap after GC invocations=26 (full 0):
 garbage-first heap   total 167936K, used 88708K [0x0000000080000000, 0x0000000100000000)
  region size 1024K, 5 young (5120K), 5 survivors (5120K)
 Metaspace       used 94721K, committed 95424K, reserved 1179648K
  class space    used 12851K, committed 13184K, reserved 1048576K
}
Event: 9.084 GC heap before
{Heap before GC invocations=26 (full 0):
 garbage-first heap   total 167936K, used 90756K [0x0000000080000000, 0x0000000100000000)
  region size 1024K, 8 young (8192K), 5 survivors (5120K)
 Metaspace       used 94739K, committed 95424K, reserved 1179648K
  class space    used 12851K, committed 13184K, reserved 1048576K
}
Event: 9.087 GC heap after
{Heap after GC invocations=27 (full 0):
 garbage-first heap   total 167936K, used 88679K [0x0000000080000000, 0x0000000100000000)
  region size 1024K, 1 young (1024K), 1 survivors (1024K)
 Metaspace       used 94739K, committed 95424K, reserved 1179648K
  class space    used 12851K, committed 13184K, reserved 1048576K
}
Event: 9.443 GC heap before
{Heap before GC invocations=27 (full 0):
 garbage-first heap   total 167936K, used 132711K [0x0000000080000000, 0x0000000100000000)
  region size 1024K, 45 young (46080K), 1 survivors (1024K)
 Metaspace       used 96718K, committed 97408K, reserved 1179648K
  class space    used 13093K, committed 13440K, reserved 1048576K
}
Event: 9.448 GC heap after
{Heap after GC invocations=28 (full 0):
 garbage-first heap   total 305152K, used 92239K [0x0000000080000000, 0x0000000100000000)
  region size 1024K, 5 young (5120K), 5 survivors (5120K)
 Metaspace       used 96718K, committed 97408K, reserved 1179648K
  class space    used 13093K, committed 13440K, reserved 1048576K
}
Event: 10.442 GC heap before
{Heap before GC invocations=29 (full 0):
 garbage-first heap   total 305152K, used 225359K [0x0000000080000000, 0x0000000100000000)
  region size 1024K, 136 young (139264K), 5 survivors (5120K)
 Metaspace       used 100239K, committed 100992K, reserved 1179648K
  class space    used 13507K, committed 13888K, reserved 1048576K
}
Event: 10.452 GC heap after
{Heap after GC invocations=30 (full 0):
 garbage-first heap   total 305152K, used 102032K [0x0000000080000000, 0x0000000100000000)
  region size 1024K, 14 young (14336K), 14 survivors (14336K)
 Metaspace       used 100239K, committed 100992K, reserved 1179648K
  class space    used 13507K, committed 13888K, reserved 1048576K
}
Event: 10.454 GC heap before
{Heap before GC invocations=30 (full 0):
 garbage-first heap   total 305152K, used 102032K [0x0000000080000000, 0x0000000100000000)
  region size 1024K, 15 young (15360K), 14 survivors (14336K)
 Metaspace       used 100240K, committed 100992K, reserved 1179648K
  class space    used 13507K, committed 13888K, reserved 1048576K
}
Event: 10.461 GC heap after
{Heap after GC invocations=31 (full 0):
 garbage-first heap   total 305152K, used 102440K [0x0000000080000000, 0x0000000100000000)
  region size 1024K, 2 young (2048K), 2 survivors (2048K)
 Metaspace       used 100240K, committed 100992K, reserved 1179648K
  class space    used 13507K, committed 13888K, reserved 1048576K
}
Event: 12.175 GC heap before
{Heap before GC invocations=31 (full 0):
 garbage-first heap   total 305152K, used 231464K [0x0000000080000000, 0x0000000100000000)
  region size 1024K, 129 young (132096K), 2 survivors (2048K)
 Metaspace       used 103129K, committed 103872K, reserved 1179648K
  class space    used 13859K, committed 14208K, reserved 1048576K
}
Event: 12.182 GC heap after
{Heap after GC invocations=32 (full 0):
 garbage-first heap   total 305152K, used 111133K [0x0000000080000000, 0x0000000100000000)
  region size 1024K, 11 young (11264K), 11 survivors (11264K)
 Metaspace       used 103129K, committed 103872K, reserved 1179648K
  class space    used 13859K, committed 14208K, reserved 1048576K
}

