# JRE version: OpenJDK Runtime Environment (17.0.6) (build 17.0.6+0-b2043.56-10027231)
# Java VM: OpenJDK 64-Bit Server VM (17.0.6+0-b2043.56-10027231, mixed mode, tiered, compressed oops, compressed class ptrs, g1 gc, windows-amd64)
GC Precious Log:
 CPUs: 8 total, 8 available
 Memory: 16228M
 Large Page Support: Disabled
 NUMA Support: Disabled
 Compressed Oops: Enabled (32-bit)
 Heap Region Size: 1M
 Heap Min Capacity: 8M
 Heap Initial Capacity: 254M
 Heap Max Capacity: 2G
 Pre-touch: Disabled
 Parallel Workers: 8
 Concurrent Workers: 2
 Concurrent Refinement Workers: 8
 Periodic GC: Disabled
Heap:
 garbage-first heap   total 260096K, used 107677K [0x0000000080000000, 0x0000000100000000)
  region size 1024K, 4 young (4096K), 4 survivors (4096K)
 Metaspace       used 104889K, committed 105664K, reserved 1146880K
  class space    used 14077K, committed 14464K, reserved 1048576K
GC Heap History (20 events):
Event: 5.211 GC heap after
{Heap after GC invocations=21 (full 0):
 garbage-first heap   total 104448K, used 57466K [0x0000000080000000, 0x0000000100000000)
  region size 1024K, 3 young (3072K), 3 survivors (3072K)
 Metaspace       used 67037K, committed 67648K, reserved 1114112K
  class space    used 8888K, committed 9152K, reserved 1048576K
}
Event: 5.227 GC heap before
{Heap before GC invocations=21 (full 0):
 garbage-first heap   total 104448K, used 59514K [0x0000000080000000, 0x0000000100000000)
  region size 1024K, 5 young (5120K), 3 survivors (3072K)
 Metaspace       used 67187K, committed 67712K, reserved 1114112K
  class space    used 8904K, committed 9152K, reserved 1048576K
}
Event: 5.229 GC heap after
{Heap after GC invocations=22 (full 0):
 garbage-first heap   total 104448K, used 57304K [0x0000000080000000, 0x0000000100000000)
  region size 1024K, 1 young (1024K), 1 survivors (1024K)
 Metaspace       used 67187K, committed 67712K, reserved 1114112K
  class space    used 8904K, committed 9152K, reserved 1048576K
}
Event: 5.442 GC heap before
{Heap before GC invocations=22 (full 0):
 garbage-first heap   total 104448K, used 79832K [0x0000000080000000, 0x0000000100000000)
  region size 1024K, 23 young (23552K), 1 survivors (1024K)
 Metaspace       used 69695K, committed 70272K, reserved 1114112K
  class space    used 9256K, committed 9536K, reserved 1048576K
}
Event: 5.445 GC heap after
{Heap after GC invocations=23 (full 0):
 garbage-first heap   total 229376K, used 58245K [0x0000000080000000, 0x0000000100000000)
  region size 1024K, 2 young (2048K), 2 survivors (2048K)
 Metaspace       used 69695K, committed 70272K, reserved 1114112K
  class space    used 9256K, committed 9536K, reserved 1048576K
}
Event: 6.615 GC heap before
{Heap before GC invocations=24 (full 0):
 garbage-first heap   total 194560K, used 163717K [0x0000000080000000, 0x0000000100000000)
  region size 1024K, 108 young (110592K), 2 survivors (2048K)
 Metaspace       used 81918K, committed 82496K, reserved 1122304K
  class space    used 11116K, committed 11392K, reserved 1048576K
}
Event: 6.622 GC heap after
{Heap after GC invocations=25 (full 0):
 garbage-first heap   total 194560K, used 60779K [0x0000000080000000, 0x0000000100000000)
  region size 1024K, 8 young (8192K), 8 survivors (8192K)
 Metaspace       used 81918K, committed 82496K, reserved 1122304K
  class space    used 11116K, committed 11392K, reserved 1048576K
}
Event: 6.633 GC heap before
{Heap before GC invocations=25 (full 0):
 garbage-first heap   total 194560K, used 61803K [0x0000000080000000, 0x0000000100000000)
  region size 1024K, 9 young (9216K), 8 survivors (8192K)
 Metaspace       used 82006K, committed 82688K, reserved 1122304K
  class space    used 11127K, committed 11456K, reserved 1048576K
}
Event: 6.638 GC heap after
{Heap after GC invocations=26 (full 0):
 garbage-first heap   total 194560K, used 61425K [0x0000000080000000, 0x0000000100000000)
  region size 1024K, 2 young (2048K), 2 survivors (2048K)
 Metaspace       used 82006K, committed 82688K, reserved 1122304K
  class space    used 11127K, committed 11456K, reserved 1048576K
}
Event: 7.504 GC heap before
{Heap before GC invocations=26 (full 0):
 garbage-first heap   total 194560K, used 148465K [0x0000000080000000, 0x0000000100000000)
  region size 1024K, 87 young (89088K), 2 survivors (2048K)
 Metaspace       used 89334K, committed 90048K, reserved 1130496K
  class space    used 12169K, committed 12480K, reserved 1048576K
}
Event: 7.511 GC heap after
{Heap after GC invocations=27 (full 0):
 garbage-first heap   total 194560K, used 68999K [0x0000000080000000, 0x0000000100000000)
  region size 1024K, 9 young (9216K), 9 survivors (9216K)
 Metaspace       used 89334K, committed 90048K, reserved 1130496K
  class space    used 12169K, committed 12480K, reserved 1048576K
}
Event: 8.071 GC heap before
{Heap before GC invocations=27 (full 0):
 garbage-first heap   total 194560K, used 151943K [0x0000000080000000, 0x0000000100000000)
  region size 1024K, 90 young (92160K), 9 survivors (9216K)
 Metaspace       used 93019K, committed 93696K, reserved 1130496K
  class space    used 12674K, committed 12992K, reserved 1048576K
}
Event: 8.084 GC heap after
{Heap after GC invocations=28 (full 0):
 garbage-first heap   total 194560K, used 79638K [0x0000000080000000, 0x0000000100000000)
  region size 1024K, 11 young (11264K), 11 survivors (11264K)
 Metaspace       used 93019K, committed 93696K, reserved 1130496K
  class space    used 12674K, committed 12992K, reserved 1048576K
}
Event: 8.539 GC heap before
{Heap before GC invocations=28 (full 0):
 garbage-first heap   total 194560K, used 150294K [0x0000000080000000, 0x0000000100000000)
  region size 1024K, 81 young (82944K), 11 survivors (11264K)
 Metaspace       used 93975K, committed 94656K, reserved 1138688K
  class space    used 12766K, committed 13056K, reserved 1048576K
}
Event: 8.547 GC heap after
{Heap after GC invocations=29 (full 0):
 garbage-first heap   total 194560K, used 85319K [0x0000000080000000, 0x0000000100000000)
  region size 1024K, 6 young (6144K), 6 survivors (6144K)
 Metaspace       used 93975K, committed 94656K, reserved 1138688K
  class space    used 12766K, committed 13056K, reserved 1048576K
}
Event: 9.343 GC heap before
{Heap before GC invocations=29 (full 0):
 garbage-first heap   total 194560K, used 155975K [0x0000000080000000, 0x0000000100000000)
  region size 1024K, 74 young (75776K), 6 survivors (6144K)
 Metaspace       used 102024K, committed 102720K, reserved 1138688K
  class space    used 13796K, committed 14144K, reserved 1048576K
}
Event: 9.352 GC heap after
{Heap after GC invocations=30 (full 0):
 garbage-first heap   total 194560K, used 98206K [0x0000000080000000, 0x0000000100000000)
  region size 1024K, 10 young (10240K), 10 survivors (10240K)
 Metaspace       used 102024K, committed 102720K, reserved 1138688K
  class space    used 13796K, committed 14144K, reserved 1048576K
}
Event: 9.909 GC heap before
{Heap before GC invocations=30 (full 0):
 garbage-first heap   total 194560K, used 154526K [0x0000000080000000, 0x0000000100000000)
  region size 1024K, 65 young (66560K), 10 survivors (10240K)
 Metaspace       used 104186K, committed 104896K, reserved 1146880K
  class space    used 14013K, committed 14336K, reserved 1048576K
}
Event: 9.918 GC heap after
{Heap after GC invocations=31 (full 0):
 garbage-first heap   total 194560K, used 104046K [0x0000000080000000, 0x0000000100000000)
  region size 1024K, 6 young (6144K), 6 survivors (6144K)
 Metaspace       used 104186K, committed 104896K, reserved 1146880K
  class space    used 14013K, committed 14336K, reserved 1048576K
}
Event: 10.254 GC heap before
{Heap before GC invocations=31 (full 0):
 garbage-first heap   total 194560K, used 156270K [0x0000000080000000, 0x0000000100000000)
  region size 1024K, 58 young (59392K), 6 survivors (6144K)
 Metaspace       used 104889K, committed 105664K, reserved 1146880K
  class space    used 14077K, committed 14464K, reserved 1048576K
}

