# JRE version: OpenJDK Runtime Environment (17.0.6) (build 17.0.6+0-b2043.56-10027231)
# Java VM: OpenJDK 64-Bit Server VM (17.0.6+0-b2043.56-10027231, mixed mode, tiered, compressed oops, compressed class ptrs, g1 gc, windows-amd64)
GC Precious Log:
 CPUs: 8 total, 8 available
 Memory: 16228M
 Large Page Support: Disabled
 NUMA Support: Disabled
 Compressed Oops: Enabled (32-bit)
 Heap Region Size: 1M
 Heap Min Capacity: 8M
 Heap Initial Capacity: 254M
 Heap Max Capacity: 2G
 Pre-touch: Disabled
 Parallel Workers: 8
 Concurrent Workers: 2
 Concurrent Refinement Workers: 8
 Periodic GC: Disabled
Heap:
 garbage-first heap   total 302080K, used 133312K [0x0000000080000000, 0x0000000100000000)
  region size 1024K, 7 young (7168K), 7 survivors (7168K)
 Metaspace       used 137075K, committed 138112K, reserved 1171456K
  class space    used 17948K, committed 18432K, reserved 1048576K
GC Heap History (20 events):
Event: 339.274 GC heap after
{Heap after GC invocations=64 (full 0):
 garbage-first heap   total 302080K, used 117627K [0x0000000080000000, 0x0000000100000000)
  region size 1024K, 2 young (2048K), 2 survivors (2048K)
 Metaspace       used 135121K, committed 136064K, reserved 1171456K
  class space    used 17872K, committed 18304K, reserved 1048576K
}
Event: 340.392 GC heap before
{Heap before GC invocations=64 (full 0):
 garbage-first heap   total 302080K, used 183163K [0x0000000080000000, 0x0000000100000000)
  region size 1024K, 68 young (69632K), 2 survivors (2048K)
 Metaspace       used 135398K, committed 136320K, reserved 1171456K
  class space    used 17875K, committed 18304K, reserved 1048576K
}
Event: 340.397 GC heap after
{Heap after GC invocations=65 (full 0):
 garbage-first heap   total 302080K, used 122648K [0x0000000080000000, 0x0000000100000000)
  region size 1024K, 7 young (7168K), 7 survivors (7168K)
 Metaspace       used 135398K, committed 136320K, reserved 1171456K
  class space    used 17875K, committed 18304K, reserved 1048576K
}
Event: 341.151 GC heap before
{Heap before GC invocations=66 (full 0):
 garbage-first heap   total 302080K, used 244504K [0x0000000080000000, 0x0000000100000000)
  region size 1024K, 124 young (126976K), 7 survivors (7168K)
 Metaspace       used 135930K, committed 136896K, reserved 1171456K
  class space    used 17876K, committed 18304K, reserved 1048576K
}
Event: 341.155 GC heap after
{Heap after GC invocations=67 (full 0):
 garbage-first heap   total 302080K, used 123836K [0x0000000080000000, 0x0000000100000000)
  region size 1024K, 8 young (8192K), 8 survivors (8192K)
 Metaspace       used 135930K, committed 136896K, reserved 1171456K
  class space    used 17876K, committed 18304K, reserved 1048576K
}
Event: 341.185 GC heap before
{Heap before GC invocations=67 (full 0):
 garbage-first heap   total 302080K, used 128956K [0x0000000080000000, 0x0000000100000000)
  region size 1024K, 14 young (14336K), 8 survivors (8192K)
 Metaspace       used 135962K, committed 136960K, reserved 1171456K
  class space    used 17876K, committed 18304K, reserved 1048576K
}
Event: 341.190 GC heap after
{Heap after GC invocations=68 (full 0):
 garbage-first heap   total 302080K, used 115963K [0x0000000080000000, 0x0000000100000000)
  region size 1024K, 2 young (2048K), 2 survivors (2048K)
 Metaspace       used 135962K, committed 136960K, reserved 1171456K
  class space    used 17876K, committed 18304K, reserved 1048576K
}
Event: 341.244 GC heap before
{Heap before GC invocations=68 (full 0):
 garbage-first heap   total 302080K, used 125179K [0x0000000080000000, 0x0000000100000000)
  region size 1024K, 12 young (12288K), 2 survivors (2048K)
 Metaspace       used 136053K, committed 137024K, reserved 1171456K
  class space    used 17876K, committed 18304K, reserved 1048576K
}
Event: 341.247 GC heap after
{Heap after GC invocations=69 (full 0):
 garbage-first heap   total 302080K, used 119707K [0x0000000080000000, 0x0000000100000000)
  region size 1024K, 6 young (6144K), 6 survivors (6144K)
 Metaspace       used 136053K, committed 137024K, reserved 1171456K
  class space    used 17876K, committed 18304K, reserved 1048576K
}
Event: 371.442 GC heap before
{Heap before GC invocations=70 (full 0):
 garbage-first heap   total 302080K, used 247707K [0x0000000080000000, 0x0000000100000000)
  region size 1024K, 99 young (101376K), 6 survivors (6144K)
 Metaspace       used 136289K, committed 137216K, reserved 1171456K
  class space    used 17881K, committed 18304K, reserved 1048576K
}
Event: 371.455 GC heap after
{Heap after GC invocations=71 (full 0):
 garbage-first heap   total 302080K, used 136885K [0x0000000080000000, 0x0000000100000000)
  region size 1024K, 13 young (13312K), 13 survivors (13312K)
 Metaspace       used 136289K, committed 137216K, reserved 1171456K
  class space    used 17881K, committed 18304K, reserved 1048576K
}
Event: 371.458 GC heap before
{Heap before GC invocations=71 (full 0):
 garbage-first heap   total 302080K, used 137909K [0x0000000080000000, 0x0000000100000000)
  region size 1024K, 14 young (14336K), 13 survivors (13312K)
 Metaspace       used 136289K, committed 137216K, reserved 1171456K
  class space    used 17881K, committed 18304K, reserved 1048576K
}
Event: 371.468 GC heap after
{Heap after GC invocations=72 (full 0):
 garbage-first heap   total 302080K, used 134969K [0x0000000080000000, 0x0000000100000000)
  region size 1024K, 2 young (2048K), 2 survivors (2048K)
 Metaspace       used 136289K, committed 137216K, reserved 1171456K
  class space    used 17881K, committed 18304K, reserved 1048576K
}
Event: 371.552 GC heap before
{Heap before GC invocations=72 (full 0):
 garbage-first heap   total 302080K, used 149305K [0x0000000080000000, 0x0000000100000000)
  region size 1024K, 17 young (17408K), 2 survivors (2048K)
 Metaspace       used 136303K, committed 137216K, reserved 1171456K
  class space    used 17881K, committed 18304K, reserved 1048576K
}
Event: 371.559 GC heap after
{Heap after GC invocations=73 (full 0):
 garbage-first heap   total 302080K, used 142714K [0x0000000080000000, 0x0000000100000000)
  region size 1024K, 9 young (9216K), 9 survivors (9216K)
 Metaspace       used 136303K, committed 137216K, reserved 1171456K
  class space    used 17881K, committed 18304K, reserved 1048576K
}
Event: 597.460 GC heap before
{Heap before GC invocations=74 (full 0):
 garbage-first heap   total 302080K, used 265026K [0x0000000080000000, 0x0000000100000000)
  region size 1024K, 85 young (87040K), 9 survivors (9216K)
 Metaspace       used 136492K, committed 137472K, reserved 1171456K
  class space    used 17883K, committed 18368K, reserved 1048576K
}
Event: 597.465 GC heap after
{Heap after GC invocations=75 (full 0):
 garbage-first heap   total 302080K, used 137394K [0x0000000080000000, 0x0000000100000000)
  region size 1024K, 3 young (3072K), 3 survivors (3072K)
 Metaspace       used 136492K, committed 137472K, reserved 1171456K
  class space    used 17883K, committed 18368K, reserved 1048576K
}
Event: 597.508 GC heap before
{Heap before GC invocations=75 (full 0):
 garbage-first heap   total 302080K, used 148658K [0x0000000080000000, 0x0000000100000000)
  region size 1024K, 14 young (14336K), 3 survivors (3072K)
 Metaspace       used 136512K, committed 137472K, reserved 1171456K
  class space    used 17884K, committed 18368K, reserved 1048576K
}
Event: 597.513 GC heap after
{Heap after GC invocations=76 (full 0):
 garbage-first heap   total 302080K, used 127272K [0x0000000080000000, 0x0000000100000000)
  region size 1024K, 1 young (1024K), 1 survivors (1024K)
 Metaspace       used 136512K, committed 137472K, reserved 1171456K
  class space    used 17884K, committed 18368K, reserved 1048576K
}
Event: 597.850 GC heap before
{Heap before GC invocations=76 (full 0):
 garbage-first heap   total 302080K, used 181544K [0x0000000080000000, 0x0000000100000000)
  region size 1024K, 56 young (57344K), 1 survivors (1024K)
 Metaspace       used 137075K, committed 138112K, reserved 1171456K
  class space    used 17948K, committed 18432K, reserved 1048576K
}

