# JRE version: OpenJDK Runtime Environment (17.0.6) (build 17.0.6+0-b2043.56-10027231)
# Java VM: OpenJDK 64-Bit Server VM (17.0.6+0-b2043.56-10027231, mixed mode, tiered, compressed oops, compressed class ptrs, g1 gc, windows-amd64)
GC Precious Log:
 CPUs: 8 total, 8 available
 Memory: 16228M
 Large Page Support: Disabled
 NUMA Support: Disabled
 Compressed Oops: Enabled (32-bit)
 Heap Region Size: 1M
 Heap Min Capacity: 8M
 Heap Initial Capacity: 254M
 Heap Max Capacity: 2G
 Pre-touch: Disabled
 Parallel Workers: 8
 Concurrent Workers: 2
 Concurrent Refinement Workers: 8
 Periodic GC: Disabled
Heap:
 garbage-first heap   total 444416K, used 118920K [0x0000000080000000, 0x0000000100000000)
  region size 1024K, 5 young (5120K), 5 survivors (5120K)
 Metaspace       used 143333K, committed 144640K, reserved 1179648K
  class space    used 18681K, committed 19328K, reserved 1048576K
GC Heap History (20 events):
Event: 2325.498 GC heap after
{Heap after GC invocations=79 (full 0):
 garbage-first heap   total 444416K, used 144124K [0x0000000080000000, 0x0000000100000000)
  region size 1024K, 3 young (3072K), 3 survivors (3072K)
 Metaspace       used 142112K, committed 143360K, reserved 1179648K
  class space    used 18670K, committed 19264K, reserved 1048576K
}
Event: 2325.728 GC heap before
{Heap before GC invocations=79 (full 0):
 garbage-first heap   total 444416K, used 202492K [0x0000000080000000, 0x0000000100000000)
  region size 1024K, 61 young (62464K), 3 survivors (3072K)
 Metaspace       used 142216K, committed 143488K, reserved 1179648K
  class space    used 18679K, committed 19264K, reserved 1048576K
}
Event: 2325.731 GC heap after
{Heap after GC invocations=80 (full 0):
 garbage-first heap   total 444416K, used 144035K [0x0000000080000000, 0x0000000100000000)
  region size 1024K, 3 young (3072K), 3 survivors (3072K)
 Metaspace       used 142216K, committed 143488K, reserved 1179648K
  class space    used 18679K, committed 19264K, reserved 1048576K
}
Event: 2420.190 GC heap before
{Heap before GC invocations=81 (full 0):
 garbage-first heap   total 444416K, used 359075K [0x0000000080000000, 0x0000000100000000)
  region size 1024K, 188 young (192512K), 3 survivors (3072K)
 Metaspace       used 142737K, committed 144064K, reserved 1179648K
  class space    used 18700K, committed 19328K, reserved 1048576K
}
Event: 2420.199 GC heap after
{Heap after GC invocations=82 (full 0):
 garbage-first heap   total 444416K, used 147172K [0x0000000080000000, 0x0000000100000000)
  region size 1024K, 12 young (12288K), 12 survivors (12288K)
 Metaspace       used 142737K, committed 144064K, reserved 1179648K
  class space    used 18700K, committed 19328K, reserved 1048576K
}
Event: 2420.230 GC heap before
{Heap before GC invocations=82 (full 0):
 garbage-first heap   total 444416K, used 158436K [0x0000000080000000, 0x0000000100000000)
  region size 1024K, 21 young (21504K), 12 survivors (12288K)
 Metaspace       used 142737K, committed 144064K, reserved 1179648K
  class space    used 18700K, committed 19328K, reserved 1048576K
}
Event: 2420.247 GC heap after
{Heap after GC invocations=83 (full 0):
 garbage-first heap   total 444416K, used 137381K [0x0000000080000000, 0x0000000100000000)
  region size 1024K, 3 young (3072K), 3 survivors (3072K)
 Metaspace       used 142737K, committed 144064K, reserved 1179648K
  class space    used 18700K, committed 19328K, reserved 1048576K
}
Event: 2420.840 GC heap before
{Heap before GC invocations=83 (full 0):
 garbage-first heap   total 444416K, used 233637K [0x0000000080000000, 0x0000000100000000)
  region size 1024K, 99 young (101376K), 3 survivors (3072K)
 Metaspace       used 142844K, committed 144192K, reserved 1179648K
  class space    used 18701K, committed 19328K, reserved 1048576K
}
Event: 2420.847 GC heap after
{Heap after GC invocations=84 (full 0):
 garbage-first heap   total 444416K, used 142620K [0x0000000080000000, 0x0000000100000000)
  region size 1024K, 9 young (9216K), 9 survivors (9216K)
 Metaspace       used 142844K, committed 144192K, reserved 1179648K
  class space    used 18701K, committed 19328K, reserved 1048576K
}
Event: 3343.835 GC heap before
{Heap before GC invocations=85 (full 0):
 garbage-first heap   total 444416K, used 361756K [0x0000000080000000, 0x0000000100000000)
  region size 1024K, 199 young (203776K), 9 survivors (9216K)
 Metaspace       used 143112K, committed 144384K, reserved 1179648K
  class space    used 18701K, committed 19328K, reserved 1048576K
}
Event: 3343.844 GC heap after
{Heap after GC invocations=86 (full 0):
 garbage-first heap   total 444416K, used 146849K [0x0000000080000000, 0x0000000100000000)
  region size 1024K, 16 young (16384K), 16 survivors (16384K)
 Metaspace       used 143112K, committed 144384K, reserved 1179648K
  class space    used 18701K, committed 19328K, reserved 1048576K
}
Event: 3343.876 GC heap before
{Heap before GC invocations=86 (full 0):
 garbage-first heap   total 444416K, used 151969K [0x0000000080000000, 0x0000000100000000)
  region size 1024K, 21 young (21504K), 16 survivors (16384K)
 Metaspace       used 143140K, committed 144448K, reserved 1179648K
  class space    used 18701K, committed 19328K, reserved 1048576K
}
Event: 3343.887 GC heap after
{Heap after GC invocations=87 (full 0):
 garbage-first heap   total 444416K, used 128591K [0x0000000080000000, 0x0000000100000000)
  region size 1024K, 3 young (3072K), 3 survivors (3072K)
 Metaspace       used 143140K, committed 144448K, reserved 1179648K
  class space    used 18701K, committed 19328K, reserved 1048576K
}
Event: 3343.955 GC heap before
{Heap before GC invocations=87 (full 0):
 garbage-first heap   total 444416K, used 137807K [0x0000000080000000, 0x0000000100000000)
  region size 1024K, 13 young (13312K), 3 survivors (3072K)
 Metaspace       used 143145K, committed 144448K, reserved 1179648K
  class space    used 18701K, committed 19328K, reserved 1048576K
}
Event: 3343.956 GC heap after
{Heap after GC invocations=88 (full 0):
 garbage-first heap   total 444416K, used 126932K [0x0000000080000000, 0x0000000100000000)
  region size 1024K, 1 young (1024K), 1 survivors (1024K)
 Metaspace       used 143145K, committed 144448K, reserved 1179648K
  class space    used 18701K, committed 19328K, reserved 1048576K
}
Event: 4002.591 GC heap before
{Heap before GC invocations=89 (full 0):
 garbage-first heap   total 444416K, used 410580K [0x0000000080000000, 0x0000000100000000)
  region size 1024K, 221 young (226304K), 1 survivors (1024K)
 Metaspace       used 143264K, committed 144576K, reserved 1179648K
  class space    used 18681K, committed 19328K, reserved 1048576K
}
Event: 4002.595 GC heap after
{Heap after GC invocations=90 (full 0):
 garbage-first heap   total 444416K, used 131279K [0x0000000080000000, 0x0000000100000000)
  region size 1024K, 4 young (4096K), 4 survivors (4096K)
 Metaspace       used 143264K, committed 144576K, reserved 1179648K
  class space    used 18681K, committed 19328K, reserved 1048576K
}
Event: 4002.690 GC heap before
{Heap before GC invocations=90 (full 0):
 garbage-first heap   total 444416K, used 147663K [0x0000000080000000, 0x0000000100000000)
  region size 1024K, 21 young (21504K), 4 survivors (4096K)
 Metaspace       used 143296K, committed 144640K, reserved 1179648K
  class space    used 18681K, committed 19328K, reserved 1048576K
}
Event: 4002.699 GC heap after
{Heap after GC invocations=91 (full 0):
 garbage-first heap   total 444416K, used 116877K [0x0000000080000000, 0x0000000100000000)
  region size 1024K, 3 young (3072K), 3 survivors (3072K)
 Metaspace       used 143296K, committed 144640K, reserved 1179648K
  class space    used 18681K, committed 19328K, reserved 1048576K
}
Event: 4002.825 GC heap before
{Heap before GC invocations=91 (full 0):
 garbage-first heap   total 444416K, used 132237K [0x0000000080000000, 0x0000000100000000)
  region size 1024K, 20 young (20480K), 3 survivors (3072K)
 Metaspace       used 143333K, committed 144640K, reserved 1179648K
  class space    used 18681K, committed 19328K, reserved 1048576K
}

