# JRE version: OpenJDK Runtime Environment (17.0.6) (build 17.0.6+0-b2043.56-10027231)
# Java VM: OpenJDK 64-Bit Server VM (17.0.6+0-b2043.56-10027231, mixed mode, tiered, compressed oops, compressed class ptrs, g1 gc, windows-amd64)
GC Precious Log:
 CPUs: 8 total, 8 available
 Memory: 16228M
 Large Page Support: Disabled
 NUMA Support: Disabled
 Compressed Oops: Enabled (32-bit)
 Heap Region Size: 1M
 Heap Min Capacity: 8M
 Heap Initial Capacity: 254M
 Heap Max Capacity: 2G
 Pre-touch: Disabled
 Parallel Workers: 8
 Concurrent Workers: 2
 Concurrent Refinement Workers: 8
 Periodic GC: Disabled
Heap:
 garbage-first heap   total 379904K, used 170043K [0x0000000080000000, 0x0000000100000000)
  region size 1024K, 40 young (40960K), 11 survivors (11264K)
 Metaspace       used 143981K, committed 145216K, reserved 1179648K
  class space    used 18839K, committed 19456K, reserved 1048576K
GC Heap History (20 events):
Event: 438.613 GC heap before
{Heap before GC invocations=51 (full 0):
 garbage-first heap   total 287744K, used 190591K [0x0000000080000000, 0x0000000100000000)
  region size 1024K, 43 young (44032K), 6 survivors (6144K)
 Metaspace       used 122374K, committed 123200K, reserved 1163264K
  class space    used 15781K, committed 16192K, reserved 1048576K
}
Event: 438.621 GC heap after
{Heap after GC invocations=52 (full 0):
 garbage-first heap   total 287744K, used 160850K [0x0000000080000000, 0x0000000100000000)
  region size 1024K, 6 young (6144K), 6 survivors (6144K)
 Metaspace       used 122374K, committed 123200K, reserved 1163264K
  class space    used 15781K, committed 16192K, reserved 1048576K
}
Event: 438.678 GC heap before
{Heap before GC invocations=52 (full 0):
 garbage-first heap   total 287744K, used 169042K [0x0000000080000000, 0x0000000100000000)
  region size 1024K, 14 young (14336K), 6 survivors (6144K)
 Metaspace       used 122513K, committed 123328K, reserved 1163264K
  class space    used 15787K, committed 16192K, reserved 1048576K
}
Event: 438.684 GC heap after
{Heap after GC invocations=53 (full 0):
 garbage-first heap   total 287744K, used 135168K [0x0000000080000000, 0x0000000100000000)
  region size 1024K, 2 young (2048K), 2 survivors (2048K)
 Metaspace       used 122513K, committed 123328K, reserved 1163264K
  class space    used 15787K, committed 16192K, reserved 1048576K
}
Event: 438.861 GC heap before
{Heap before GC invocations=53 (full 0):
 garbage-first heap   total 287744K, used 147456K [0x0000000080000000, 0x0000000100000000)
  region size 1024K, 14 young (14336K), 2 survivors (2048K)
 Metaspace       used 123725K, committed 124608K, reserved 1163264K
  class space    used 15958K, committed 16384K, reserved 1048576K
}
Event: 438.870 GC heap after
{Heap after GC invocations=54 (full 0):
 garbage-first heap   total 379904K, used 125057K [0x0000000080000000, 0x0000000100000000)
  region size 1024K, 2 young (2048K), 2 survivors (2048K)
 Metaspace       used 123725K, committed 124608K, reserved 1163264K
  class space    used 15958K, committed 16384K, reserved 1048576K
}
Event: 440.328 GC heap before
{Heap before GC invocations=54 (full 0):
 garbage-first heap   total 379904K, used 297089K [0x0000000080000000, 0x0000000100000000)
  region size 1024K, 169 young (173056K), 2 survivors (2048K)
 Metaspace       used 139877K, committed 140736K, reserved 1171456K
  class space    used 18397K, committed 18816K, reserved 1048576K
}
Event: 440.336 GC heap after
{Heap after GC invocations=55 (full 0):
 garbage-first heap   total 379904K, used 132112K [0x0000000080000000, 0x0000000100000000)
  region size 1024K, 9 young (9216K), 9 survivors (9216K)
 Metaspace       used 139877K, committed 140736K, reserved 1171456K
  class space    used 18397K, committed 18816K, reserved 1048576K
}
Event: 730.942 GC heap before
{Heap before GC invocations=56 (full 0):
 garbage-first heap   total 379904K, used 329744K [0x0000000080000000, 0x0000000100000000)
  region size 1024K, 174 young (178176K), 9 survivors (9216K)
 Metaspace       used 142173K, committed 143232K, reserved 1179648K
  class space    used 18715K, committed 19264K, reserved 1048576K
}
Event: 730.954 GC heap after
{Heap after GC invocations=57 (full 0):
 garbage-first heap   total 379904K, used 146222K [0x0000000080000000, 0x0000000100000000)
  region size 1024K, 21 young (21504K), 21 survivors (21504K)
 Metaspace       used 142173K, committed 143232K, reserved 1179648K
  class space    used 18715K, committed 19264K, reserved 1048576K
}
Event: 730.958 GC heap before
{Heap before GC invocations=57 (full 0):
 garbage-first heap   total 379904K, used 147246K [0x0000000080000000, 0x0000000100000000)
  region size 1024K, 22 young (22528K), 21 survivors (21504K)
 Metaspace       used 142174K, committed 143232K, reserved 1179648K
  class space    used 18715K, committed 19264K, reserved 1048576K
}
Event: 730.972 GC heap after
{Heap after GC invocations=58 (full 0):
 garbage-first heap   total 379904K, used 145057K [0x0000000080000000, 0x0000000100000000)
  region size 1024K, 3 young (3072K), 3 survivors (3072K)
 Metaspace       used 142174K, committed 143232K, reserved 1179648K
  class space    used 18715K, committed 19264K, reserved 1048576K
}
Event: 731.549 GC heap before
{Heap before GC invocations=58 (full 0):
 garbage-first heap   total 379904K, used 228001K [0x0000000080000000, 0x0000000100000000)
  region size 1024K, 86 young (88064K), 3 survivors (3072K)
 Metaspace       used 142668K, committed 143744K, reserved 1179648K
  class space    used 18720K, committed 19264K, reserved 1048576K
}
Event: 731.554 GC heap after
{Heap after GC invocations=59 (full 0):
 garbage-first heap   total 379904K, used 148467K [0x0000000080000000, 0x0000000100000000)
  region size 1024K, 6 young (6144K), 6 survivors (6144K)
 Metaspace       used 142668K, committed 143744K, reserved 1179648K
  class space    used 18720K, committed 19264K, reserved 1048576K
}
Event: 739.827 GC heap before
{Heap before GC invocations=60 (full 0):
 garbage-first heap   total 379904K, used 313331K [0x0000000080000000, 0x0000000100000000)
  region size 1024K, 144 young (147456K), 6 survivors (6144K)
 Metaspace       used 143139K, committed 144192K, reserved 1179648K
  class space    used 18730K, committed 19264K, reserved 1048576K
}
Event: 739.835 GC heap after
{Heap after GC invocations=61 (full 0):
 garbage-first heap   total 379904K, used 152978K [0x0000000080000000, 0x0000000100000000)
  region size 1024K, 12 young (12288K), 12 survivors (12288K)
 Metaspace       used 143139K, committed 144192K, reserved 1179648K
  class space    used 18730K, committed 19264K, reserved 1048576K
}
Event: 739.882 GC heap before
{Heap before GC invocations=61 (full 0):
 garbage-first heap   total 379904K, used 158098K [0x0000000080000000, 0x0000000100000000)
  region size 1024K, 18 young (18432K), 12 survivors (12288K)
 Metaspace       used 143144K, committed 144192K, reserved 1179648K
  class space    used 18731K, committed 19264K, reserved 1048576K
}
Event: 739.898 GC heap after
{Heap after GC invocations=62 (full 0):
 garbage-first heap   total 379904K, used 131831K [0x0000000080000000, 0x0000000100000000)
  region size 1024K, 2 young (2048K), 2 survivors (2048K)
 Metaspace       used 143144K, committed 144192K, reserved 1179648K
  class space    used 18731K, committed 19264K, reserved 1048576K
}
Event: 908.246 GC heap before
{Heap before GC invocations=62 (full 0):
 garbage-first heap   total 379904K, used 280311K [0x0000000080000000, 0x0000000100000000)
  region size 1024K, 149 young (152576K), 2 survivors (2048K)
 Metaspace       used 143945K, committed 145152K, reserved 1179648K
  class space    used 18839K, committed 19456K, reserved 1048576K
}
Event: 908.253 GC heap after
{Heap after GC invocations=63 (full 0):
 garbage-first heap   total 379904K, used 141371K [0x0000000080000000, 0x0000000100000000)
  region size 1024K, 11 young (11264K), 11 survivors (11264K)
 Metaspace       used 143945K, committed 145152K, reserved 1179648K
  class space    used 18839K, committed 19456K, reserved 1048576K
}

