# JRE version: OpenJDK Runtime Environment (17.0.6) (build 17.0.6+0-b2043.56-10027231)
# Java VM: OpenJDK 64-Bit Server VM (17.0.6+0-b2043.56-10027231, mixed mode, tiered, compressed oops, compressed class ptrs, g1 gc, windows-amd64)
GC Precious Log:
 CPUs: 8 total, 8 available
 Memory: 16228M
 Large Page Support: Disabled
 NUMA Support: Disabled
 Compressed Oops: Enabled (32-bit)
 Heap Region Size: 1M
 Heap Min Capacity: 8M
 Heap Initial Capacity: 254M
 Heap Max Capacity: 2G
 Pre-touch: Disabled
 Parallel Workers: 8
 Concurrent Workers: 2
 Concurrent Refinement Workers: 8
 Periodic GC: Disabled
Heap:
 garbage-first heap   total 324608K, used 257193K [0x0000000080000000, 0x0000000100000000)
  region size 1024K, 96 young (98304K), 3 survivors (3072K)
 Metaspace       used 136529K, committed 137856K, reserved 1171456K
  class space    used 17942K, committed 18560K, reserved 1048576K
GC Heap History (20 events):
Event: 243.423 GC heap before
{Heap before GC invocations=66 (full 0):
 garbage-first heap   total 324608K, used 175266K [0x0000000080000000, 0x0000000100000000)
  region size 1024K, 63 young (64512K), 2 survivors (2048K)
 Metaspace       used 133461K, committed 134464K, reserved 1171456K
  class space    used 17685K, committed 18176K, reserved 1048576K
}
Event: 243.426 GC heap after
{Heap after GC invocations=67 (full 0):
 garbage-first heap   total 324608K, used 115496K [0x0000000080000000, 0x0000000100000000)
  region size 1024K, 3 young (3072K), 3 survivors (3072K)
 Metaspace       used 133461K, committed 134464K, reserved 1171456K
  class space    used 17685K, committed 18176K, reserved 1048576K
}
Event: 260.871 GC heap before
{Heap before GC invocations=68 (full 0):
 garbage-first heap   total 324608K, used 305960K [0x0000000080000000, 0x0000000100000000)
  region size 1024K, 153 young (156672K), 3 survivors (3072K)
 Metaspace       used 134000K, committed 134976K, reserved 1171456K
  class space    used 17715K, committed 18240K, reserved 1048576K
}
Event: 260.879 GC heap after
{Heap after GC invocations=69 (full 0):
 garbage-first heap   total 324608K, used 123775K [0x0000000080000000, 0x0000000100000000)
  region size 1024K, 12 young (12288K), 12 survivors (12288K)
 Metaspace       used 134000K, committed 134976K, reserved 1171456K
  class space    used 17715K, committed 18240K, reserved 1048576K
}
Event: 260.914 GC heap before
{Heap before GC invocations=69 (full 0):
 garbage-first heap   total 324608K, used 126847K [0x0000000080000000, 0x0000000100000000)
  region size 1024K, 15 young (15360K), 12 survivors (12288K)
 Metaspace       used 134032K, committed 135040K, reserved 1171456K
  class space    used 17715K, committed 18240K, reserved 1048576K
}
Event: 260.923 GC heap after
{Heap after GC invocations=70 (full 0):
 garbage-first heap   total 324608K, used 121079K [0x0000000080000000, 0x0000000100000000)
  region size 1024K, 2 young (2048K), 2 survivors (2048K)
 Metaspace       used 134032K, committed 135040K, reserved 1171456K
  class space    used 17715K, committed 18240K, reserved 1048576K
}
Event: 260.937 GC heap before
{Heap before GC invocations=70 (full 0):
 garbage-first heap   total 324608K, used 122103K [0x0000000080000000, 0x0000000100000000)
  region size 1024K, 4 young (4096K), 2 survivors (2048K)
 Metaspace       used 134044K, committed 135040K, reserved 1171456K
  class space    used 17715K, committed 18240K, reserved 1048576K
}
Event: 260.939 GC heap after
{Heap after GC invocations=71 (full 0):
 garbage-first heap   total 324608K, used 120531K [0x0000000080000000, 0x0000000100000000)
  region size 1024K, 2 young (2048K), 2 survivors (2048K)
 Metaspace       used 134044K, committed 135040K, reserved 1171456K
  class space    used 17715K, committed 18240K, reserved 1048576K
}
Event: 261.989 GC heap before
{Heap before GC invocations=72 (full 0):
 garbage-first heap   total 324608K, used 273107K [0x0000000080000000, 0x0000000100000000)
  region size 1024K, 124 young (126976K), 2 survivors (2048K)
 Metaspace       used 134832K, committed 135872K, reserved 1171456K
  class space    used 17720K, committed 18240K, reserved 1048576K
}
Event: 261.996 GC heap after
{Heap after GC invocations=73 (full 0):
 garbage-first heap   total 324608K, used 129658K [0x0000000080000000, 0x0000000100000000)
  region size 1024K, 9 young (9216K), 9 survivors (9216K)
 Metaspace       used 134832K, committed 135872K, reserved 1171456K
  class space    used 17720K, committed 18240K, reserved 1048576K
}
Event: 295.006 GC heap before
{Heap before GC invocations=73 (full 0):
 garbage-first heap   total 324608K, used 135802K [0x0000000080000000, 0x0000000100000000)
  region size 1024K, 15 young (15360K), 9 survivors (9216K)
 Metaspace       used 134881K, committed 135872K, reserved 1171456K
  class space    used 17720K, committed 18240K, reserved 1048576K
}
Event: 295.012 GC heap after
{Heap after GC invocations=74 (full 0):
 garbage-first heap   total 324608K, used 124020K [0x0000000080000000, 0x0000000100000000)
  region size 1024K, 2 young (2048K), 2 survivors (2048K)
 Metaspace       used 134881K, committed 135872K, reserved 1171456K
  class space    used 17720K, committed 18240K, reserved 1048576K
}
Event: 296.538 GC heap before
{Heap before GC invocations=74 (full 0):
 garbage-first heap   total 324608K, used 239732K [0x0000000080000000, 0x0000000100000000)
  region size 1024K, 117 young (119808K), 2 survivors (2048K)
 Metaspace       used 135221K, committed 136256K, reserved 1171456K
  class space    used 17738K, committed 18240K, reserved 1048576K
}
Event: 296.546 GC heap after
{Heap after GC invocations=75 (full 0):
 garbage-first heap   total 324608K, used 133340K [0x0000000080000000, 0x0000000100000000)
  region size 1024K, 11 young (11264K), 11 survivors (11264K)
 Metaspace       used 135221K, committed 136256K, reserved 1171456K
  class space    used 17738K, committed 18240K, reserved 1048576K
}
Event: 305.699 GC heap before
{Heap before GC invocations=76 (full 0):
 garbage-first heap   total 324608K, used 276898K [0x0000000080000000, 0x0000000100000000)
  region size 1024K, 128 young (131072K), 11 survivors (11264K)
 Metaspace       used 135792K, committed 136960K, reserved 1171456K
  class space    used 17835K, committed 18432K, reserved 1048576K
}
Event: 305.711 GC heap after
{Heap after GC invocations=77 (full 0):
 garbage-first heap   total 324608K, used 135309K [0x0000000080000000, 0x0000000100000000)
  region size 1024K, 14 young (14336K), 14 survivors (14336K)
 Metaspace       used 135792K, committed 136960K, reserved 1171456K
  class space    used 17835K, committed 18432K, reserved 1048576K
}
Event: 305.712 GC heap before
{Heap before GC invocations=77 (full 0):
 garbage-first heap   total 324608K, used 136333K [0x0000000080000000, 0x0000000100000000)
  region size 1024K, 15 young (15360K), 14 survivors (14336K)
 Metaspace       used 135795K, committed 136960K, reserved 1171456K
  class space    used 17835K, committed 18432K, reserved 1048576K
}
Event: 305.722 GC heap after
{Heap after GC invocations=78 (full 0):
 garbage-first heap   total 324608K, used 128026K [0x0000000080000000, 0x0000000100000000)
  region size 1024K, 2 young (2048K), 2 survivors (2048K)
 Metaspace       used 135795K, committed 136960K, reserved 1171456K
  class space    used 17835K, committed 18432K, reserved 1048576K
}
Event: 305.912 GC heap before
{Heap before GC invocations=78 (full 0):
 garbage-first heap   total 324608K, used 156698K [0x0000000080000000, 0x0000000100000000)
  region size 1024K, 31 young (31744K), 2 survivors (2048K)
 Metaspace       used 135996K, committed 137152K, reserved 1171456K
  class space    used 17869K, committed 18432K, reserved 1048576K
}
Event: 305.915 GC heap after
{Heap after GC invocations=79 (full 0):
 garbage-first heap   total 324608K, used 128195K [0x0000000080000000, 0x0000000100000000)
  region size 1024K, 3 young (3072K), 3 survivors (3072K)
 Metaspace       used 135996K, committed 137152K, reserved 1171456K
  class space    used 17869K, committed 18432K, reserved 1048576K
}

