# JRE version: OpenJDK Runtime Environment (17.0.6) (build 17.0.6+0-b2043.56-10027231)
# Java VM: OpenJDK 64-Bit Server VM (17.0.6+0-b2043.56-10027231, mixed mode, tiered, compressed oops, compressed class ptrs, g1 gc, windows-amd64)
GC Precious Log:
 CPUs: 8 total, 8 available
 Memory: 16228M
 Large Page Support: Disabled
 NUMA Support: Disabled
 Compressed Oops: Enabled (32-bit)
 Heap Region Size: 1M
 Heap Min Capacity: 8M
 Heap Initial Capacity: 254M
 Heap Max Capacity: 2G
 Pre-touch: Disabled
 Parallel Workers: 8
 Concurrent Workers: 2
 Concurrent Refinement Workers: 8
 Periodic GC: Disabled
Heap:
 garbage-first heap   total 401408K, used 124952K [0x0000000080000000, 0x0000000100000000)
  region size 1024K, 9 young (9216K), 9 survivors (9216K)
 Metaspace       used 145484K, committed 147200K, reserved 1179648K
  class space    used 19295K, committed 20160K, reserved 1048576K
GC Heap History (20 events):
Event: 1998.312 GC heap after
{Heap after GC invocations=63 (full 0):
 garbage-first heap   total 401408K, used 141312K [0x0000000080000000, 0x0000000100000000)
  region size 1024K, 1 young (1024K), 1 survivors (1024K)
 Metaspace       used 142987K, committed 144384K, reserved 1179648K
  class space    used 18978K, committed 19712K, reserved 1048576K
}
Event: 1998.463 GC heap before
{Heap before GC invocations=63 (full 0):
 garbage-first heap   total 401408K, used 159744K [0x0000000080000000, 0x0000000100000000)
  region size 1024K, 21 young (21504K), 1 survivors (1024K)
 Metaspace       used 143068K, committed 144512K, reserved 1179648K
  class space    used 18978K, committed 19712K, reserved 1048576K
}
Event: 1998.465 GC heap after
{Heap after GC invocations=64 (full 0):
 garbage-first heap   total 401408K, used 141991K [0x0000000080000000, 0x0000000100000000)
  region size 1024K, 2 young (2048K), 2 survivors (2048K)
 Metaspace       used 143068K, committed 144512K, reserved 1179648K
  class space    used 18978K, committed 19712K, reserved 1048576K
}
Event: 2287.971 GC heap before
{Heap before GC invocations=65 (full 0):
 garbage-first heap   total 401408K, used 366247K [0x0000000080000000, 0x0000000100000000)
  region size 1024K, 161 young (164864K), 2 survivors (2048K)
 Metaspace       used 143358K, committed 144768K, reserved 1179648K
  class space    used 18979K, committed 19712K, reserved 1048576K
}
Event: 2287.974 GC heap after
{Heap after GC invocations=66 (full 0):
 garbage-first heap   total 401408K, used 143850K [0x0000000080000000, 0x0000000100000000)
  region size 1024K, 3 young (3072K), 3 survivors (3072K)
 Metaspace       used 143358K, committed 144768K, reserved 1179648K
  class space    used 18979K, committed 19712K, reserved 1048576K
}
Event: 2288.026 GC heap before
{Heap before GC invocations=66 (full 0):
 garbage-first heap   total 401408K, used 160234K [0x0000000080000000, 0x0000000100000000)
  region size 1024K, 19 young (19456K), 3 survivors (3072K)
 Metaspace       used 143361K, committed 144768K, reserved 1179648K
  class space    used 18979K, committed 19712K, reserved 1048576K
}
Event: 2288.034 GC heap after
{Heap after GC invocations=67 (full 0):
 garbage-first heap   total 401408K, used 124743K [0x0000000080000000, 0x0000000100000000)
  region size 1024K, 3 young (3072K), 3 survivors (3072K)
 Metaspace       used 143361K, committed 144768K, reserved 1179648K
  class space    used 18979K, committed 19712K, reserved 1048576K
}
Event: 2288.280 GC heap before
{Heap before GC invocations=67 (full 0):
 garbage-first heap   total 401408K, used 176967K [0x0000000080000000, 0x0000000100000000)
  region size 1024K, 56 young (57344K), 3 survivors (3072K)
 Metaspace       used 143446K, committed 144832K, reserved 1179648K
  class space    used 18980K, committed 19712K, reserved 1048576K
}
Event: 2288.285 GC heap after
{Heap after GC invocations=68 (full 0):
 garbage-first heap   total 401408K, used 131605K [0x0000000080000000, 0x0000000100000000)
  region size 1024K, 10 young (10240K), 10 survivors (10240K)
 Metaspace       used 143446K, committed 144832K, reserved 1179648K
  class space    used 18980K, committed 19712K, reserved 1048576K
}
Event: 2397.434 GC heap before
{Heap before GC invocations=69 (full 0):
 garbage-first heap   total 401408K, used 343573K [0x0000000080000000, 0x0000000100000000)
  region size 1024K, 187 young (191488K), 10 survivors (10240K)
 Metaspace       used 143550K, committed 144896K, reserved 1179648K
  class space    used 18971K, committed 19712K, reserved 1048576K
}
Event: 2397.443 GC heap after
{Heap after GC invocations=70 (full 0):
 garbage-first heap   total 401408K, used 140546K [0x0000000080000000, 0x0000000100000000)
  region size 1024K, 18 young (18432K), 18 survivors (18432K)
 Metaspace       used 143550K, committed 144896K, reserved 1179648K
  class space    used 18971K, committed 19712K, reserved 1048576K
}
Event: 2397.446 GC heap before
{Heap before GC invocations=70 (full 0):
 garbage-first heap   total 401408K, used 141570K [0x0000000080000000, 0x0000000100000000)
  region size 1024K, 19 young (19456K), 18 survivors (18432K)
 Metaspace       used 143550K, committed 144896K, reserved 1179648K
  class space    used 18971K, committed 19712K, reserved 1048576K
}
Event: 2397.457 GC heap after
{Heap after GC invocations=71 (full 0):
 garbage-first heap   total 401408K, used 127731K [0x0000000080000000, 0x0000000100000000)
  region size 1024K, 3 young (3072K), 3 survivors (3072K)
 Metaspace       used 143550K, committed 144896K, reserved 1179648K
  class space    used 18971K, committed 19712K, reserved 1048576K
}
Event: 2397.764 GC heap before
{Heap before GC invocations=71 (full 0):
 garbage-first heap   total 401408K, used 177907K [0x0000000080000000, 0x0000000100000000)
  region size 1024K, 54 young (55296K), 3 survivors (3072K)
 Metaspace       used 143655K, committed 145088K, reserved 1179648K
  class space    used 18975K, committed 19712K, reserved 1048576K
}
Event: 2397.768 GC heap after
{Heap after GC invocations=72 (full 0):
 garbage-first heap   total 401408K, used 129292K [0x0000000080000000, 0x0000000100000000)
  region size 1024K, 4 young (4096K), 4 survivors (4096K)
 Metaspace       used 143655K, committed 145088K, reserved 1179648K
  class space    used 18975K, committed 19712K, reserved 1048576K
}
Event: 2810.261 GC heap before
{Heap before GC invocations=73 (full 0):
 garbage-first heap   total 401408K, used 364812K [0x0000000080000000, 0x0000000100000000)
  region size 1024K, 175 young (179200K), 4 survivors (4096K)
 Metaspace       used 145435K, committed 147200K, reserved 1179648K
  class space    used 19295K, committed 20160K, reserved 1048576K
}
Event: 2810.266 GC heap after
{Heap after GC invocations=74 (full 0):
 garbage-first heap   total 401408K, used 130573K [0x0000000080000000, 0x0000000100000000)
  region size 1024K, 6 young (6144K), 6 survivors (6144K)
 Metaspace       used 145435K, committed 147200K, reserved 1179648K
  class space    used 19295K, committed 20160K, reserved 1048576K
}
Event: 2810.321 GC heap before
{Heap before GC invocations=74 (full 0):
 garbage-first heap   total 401408K, used 142861K [0x0000000080000000, 0x0000000100000000)
  region size 1024K, 19 young (19456K), 6 survivors (6144K)
 Metaspace       used 145438K, committed 147200K, reserved 1179648K
  class space    used 19295K, committed 20160K, reserved 1048576K
}
Event: 2810.333 GC heap after
{Heap after GC invocations=75 (full 0):
 garbage-first heap   total 401408K, used 117985K [0x0000000080000000, 0x0000000100000000)
  region size 1024K, 2 young (2048K), 2 survivors (2048K)
 Metaspace       used 145438K, committed 147200K, reserved 1179648K
  class space    used 19295K, committed 20160K, reserved 1048576K
}
Event: 2810.637 GC heap before
{Heap before GC invocations=75 (full 0):
 garbage-first heap   total 401408K, used 166113K [0x0000000080000000, 0x0000000100000000)
  region size 1024K, 51 young (52224K), 2 survivors (2048K)
 Metaspace       used 145484K, committed 147200K, reserved 1179648K
  class space    used 19295K, committed 20160K, reserved 1048576K
}

