# JRE version: OpenJDK Runtime Environment (17.0.6) (build 17.0.6+0-b2043.56-10027231)
# Java VM: OpenJDK 64-Bit Server VM (17.0.6+0-b2043.56-10027231, mixed mode, tiered, compressed oops, compressed class ptrs, g1 gc, windows-amd64)
GC Precious Log:
 CPUs: 8 total, 8 available
 Memory: 16228M
 Large Page Support: Disabled
 NUMA Support: Disabled
 Compressed Oops: Enabled (32-bit)
 Heap Region Size: 1M
 Heap Min Capacity: 8M
 Heap Initial Capacity: 254M
 Heap Max Capacity: 2G
 Pre-touch: Disabled
 Parallel Workers: 8
 Concurrent Workers: 2
 Concurrent Refinement Workers: 8
 Periodic GC: Disabled
Heap:
 garbage-first heap   total 382976K, used 113830K [0x0000000080000000, 0x0000000100000000)
  region size 1024K, 8 young (8192K), 8 survivors (8192K)
 Metaspace       used 113924K, committed 115200K, reserved 1155072K
  class space    used 14827K, committed 15424K, reserved 1048576K
GC Heap History (20 events):
Event: 333.362 GC heap after
{Heap after GC invocations=61 (full 0):
 garbage-first heap   total 375808K, used 111356K [0x0000000080000000, 0x0000000100000000)
  region size 1024K, 2 young (2048K), 2 survivors (2048K)
 Metaspace       used 110786K, committed 111616K, reserved 1146880K
  class space    used 14517K, committed 14912K, reserved 1048576K
}
Event: 346.573 GC heap before
{Heap before GC invocations=61 (full 0):
 garbage-first heap   total 375808K, used 259836K [0x0000000080000000, 0x0000000100000000)
  region size 1024K, 149 young (152576K), 2 survivors (2048K)
 Metaspace       used 111833K, committed 112832K, reserved 1155072K
  class space    used 14625K, committed 15104K, reserved 1048576K
}
Event: 346.582 GC heap after
{Heap after GC invocations=62 (full 0):
 garbage-first heap   total 375808K, used 120916K [0x0000000080000000, 0x0000000100000000)
  region size 1024K, 12 young (12288K), 12 survivors (12288K)
 Metaspace       used 111833K, committed 112832K, reserved 1155072K
  class space    used 14625K, committed 15104K, reserved 1048576K
}
Event: 380.853 GC heap before
{Heap before GC invocations=63 (full 0):
 garbage-first heap   total 375808K, used 343124K [0x0000000080000000, 0x0000000100000000)
  region size 1024K, 171 young (175104K), 12 survivors (12288K)
 Metaspace       used 112176K, committed 113152K, reserved 1155072K
  class space    used 14631K, committed 15104K, reserved 1048576K
}
Event: 380.863 GC heap after
{Heap after GC invocations=64 (full 0):
 garbage-first heap   total 375808K, used 128983K [0x0000000080000000, 0x0000000100000000)
  region size 1024K, 15 young (15360K), 15 survivors (15360K)
 Metaspace       used 112176K, committed 113152K, reserved 1155072K
  class space    used 14631K, committed 15104K, reserved 1048576K
}
Event: 380.958 GC heap before
{Heap before GC invocations=64 (full 0):
 garbage-first heap   total 375808K, used 152535K [0x0000000080000000, 0x0000000100000000)
  region size 1024K, 18 young (18432K), 15 survivors (15360K)
 Metaspace       used 112195K, committed 113152K, reserved 1155072K
  class space    used 14631K, committed 15104K, reserved 1048576K
}
Event: 380.963 GC heap after
{Heap after GC invocations=65 (full 0):
 garbage-first heap   total 375808K, used 109691K [0x0000000080000000, 0x0000000100000000)
  region size 1024K, 2 young (2048K), 2 survivors (2048K)
 Metaspace       used 112195K, committed 113152K, reserved 1155072K
  class space    used 14631K, committed 15104K, reserved 1048576K
}
Event: 403.453 GC heap before
{Heap before GC invocations=65 (full 0):
 garbage-first heap   total 375808K, used 166011K [0x0000000080000000, 0x0000000100000000)
  region size 1024K, 58 young (59392K), 2 survivors (2048K)
 Metaspace       used 112434K, committed 113408K, reserved 1155072K
  class space    used 14644K, committed 15104K, reserved 1048576K
}
Event: 403.457 GC heap after
{Heap after GC invocations=66 (full 0):
 garbage-first heap   total 375808K, used 113695K [0x0000000080000000, 0x0000000100000000)
  region size 1024K, 6 young (6144K), 6 survivors (6144K)
 Metaspace       used 112434K, committed 113408K, reserved 1155072K
  class space    used 14644K, committed 15104K, reserved 1048576K
}
Event: 427.147 GC heap before
{Heap before GC invocations=67 (full 0):
 garbage-first heap   total 375808K, used 331807K [0x0000000080000000, 0x0000000100000000)
  region size 1024K, 175 young (179200K), 6 survivors (6144K)
 Metaspace       used 113085K, committed 114240K, reserved 1155072K
  class space    used 14742K, committed 15296K, reserved 1048576K
}
Event: 427.154 GC heap after
{Heap after GC invocations=68 (full 0):
 garbage-first heap   total 375808K, used 115066K [0x0000000080000000, 0x0000000100000000)
  region size 1024K, 8 young (8192K), 8 survivors (8192K)
 Metaspace       used 113085K, committed 114240K, reserved 1155072K
  class space    used 14742K, committed 15296K, reserved 1048576K
}
Event: 427.212 GC heap before
{Heap before GC invocations=68 (full 0):
 garbage-first heap   total 375808K, used 124282K [0x0000000080000000, 0x0000000100000000)
  region size 1024K, 18 young (18432K), 8 survivors (8192K)
 Metaspace       used 113126K, committed 114240K, reserved 1155072K
  class space    used 14744K, committed 15296K, reserved 1048576K
}
Event: 427.218 GC heap after
{Heap after GC invocations=69 (full 0):
 garbage-first heap   total 375808K, used 108063K [0x0000000080000000, 0x0000000100000000)
  region size 1024K, 2 young (2048K), 2 survivors (2048K)
 Metaspace       used 113126K, committed 114240K, reserved 1155072K
  class space    used 14744K, committed 15296K, reserved 1048576K
}
Event: 428.737 GC heap before
{Heap before GC invocations=69 (full 0):
 garbage-first heap   total 375808K, used 176671K [0x0000000080000000, 0x0000000100000000)
  region size 1024K, 71 young (72704K), 2 survivors (2048K)
 Metaspace       used 113216K, committed 114432K, reserved 1155072K
  class space    used 14749K, committed 15296K, reserved 1048576K
}
Event: 428.741 GC heap after
{Heap after GC invocations=70 (full 0):
 garbage-first heap   total 375808K, used 112439K [0x0000000080000000, 0x0000000100000000)
  region size 1024K, 7 young (7168K), 7 survivors (7168K)
 Metaspace       used 113216K, committed 114432K, reserved 1155072K
  class space    used 14749K, committed 15296K, reserved 1048576K
}
Event: 508.492 GC heap before
{Heap before GC invocations=71 (full 0):
 garbage-first heap   total 375808K, used 345911K [0x0000000080000000, 0x0000000100000000)
  region size 1024K, 182 young (186368K), 7 survivors (7168K)
 Metaspace       used 113801K, committed 115072K, reserved 1155072K
  class space    used 14826K, committed 15424K, reserved 1048576K
}
Event: 508.495 GC heap after
{Heap after GC invocations=72 (full 0):
 garbage-first heap   total 375808K, used 110207K [0x0000000080000000, 0x0000000100000000)
  region size 1024K, 4 young (4096K), 4 survivors (4096K)
 Metaspace       used 113801K, committed 115072K, reserved 1155072K
  class space    used 14826K, committed 15424K, reserved 1048576K
}
Event: 508.555 GC heap before
{Heap before GC invocations=72 (full 0):
 garbage-first heap   total 375808K, used 123519K [0x0000000080000000, 0x0000000100000000)
  region size 1024K, 18 young (18432K), 4 survivors (4096K)
 Metaspace       used 113809K, committed 115072K, reserved 1155072K
  class space    used 14826K, committed 15424K, reserved 1048576K
}
Event: 508.559 GC heap after
{Heap after GC invocations=73 (full 0):
 garbage-first heap   total 375808K, used 108530K [0x0000000080000000, 0x0000000100000000)
  region size 1024K, 3 young (3072K), 3 survivors (3072K)
 Metaspace       used 113809K, committed 115072K, reserved 1155072K
  class space    used 14826K, committed 15424K, reserved 1048576K
}
Event: 508.866 GC heap before
{Heap before GC invocations=73 (full 0):
 garbage-first heap   total 375808K, used 154610K [0x0000000080000000, 0x0000000100000000)
  region size 1024K, 49 young (50176K), 3 survivors (3072K)
 Metaspace       used 113924K, committed 115200K, reserved 1155072K
  class space    used 14827K, committed 15424K, reserved 1048576K
}

