# JRE version: OpenJDK Runtime Environment (17.0.6) (build 17.0.6+0-b2043.56-10027231)
# Java VM: OpenJDK 64-Bit Server VM (17.0.6+0-b2043.56-10027231, mixed mode, tiered, compressed oops, compressed class ptrs, g1 gc, windows-amd64)
GC Precious Log:
 CPUs: 8 total, 8 available
 Memory: 16228M
 Large Page Support: Disabled
 NUMA Support: Disabled
 Compressed Oops: Enabled (32-bit)
 Heap Region Size: 1M
 Heap Min Capacity: 8M
 Heap Initial Capacity: 254M
 Heap Max Capacity: 2G
 Pre-touch: Disabled
 Parallel Workers: 8
 Concurrent Workers: 2
 Concurrent Refinement Workers: 8
 Periodic GC: Disabled
Heap:
 garbage-first heap   total 260096K, used 109925K [0x0000000080000000, 0x0000000100000000)
  region size 1024K, 4 young (4096K), 4 survivors (4096K)
 Metaspace       used 109046K, committed 109824K, reserved 1146880K
  class space    used 14585K, committed 14976K, reserved 1048576K
GC Heap History (20 events):
Event: 8.503 GC heap after
{Heap after GC invocations=22 (full 0):
 garbage-first heap   total 150528K, used 71746K [0x0000000080000000, 0x0000000100000000)
  region size 1024K, 9 young (9216K), 9 survivors (9216K)
 Metaspace       used 90957K, committed 91584K, reserved 1130496K
  class space    used 12320K, committed 12608K, reserved 1048576K
}
Event: 8.923 GC heap before
{Heap before GC invocations=22 (full 0):
 garbage-first heap   total 150528K, used 119874K [0x0000000080000000, 0x0000000100000000)
  region size 1024K, 56 young (57344K), 9 survivors (9216K)
 Metaspace       used 94552K, committed 95232K, reserved 1138688K
  class space    used 12824K, committed 13120K, reserved 1048576K
}
Event: 8.934 GC heap after
{Heap after GC invocations=23 (full 0):
 garbage-first heap   total 150528K, used 78615K [0x0000000080000000, 0x0000000100000000)
  region size 1024K, 7 young (7168K), 7 survivors (7168K)
 Metaspace       used 94552K, committed 95232K, reserved 1138688K
  class space    used 12824K, committed 13120K, reserved 1048576K
}
Event: 9.178 GC heap before
{Heap before GC invocations=23 (full 0):
 garbage-first heap   total 150528K, used 119575K [0x0000000080000000, 0x0000000100000000)
  region size 1024K, 48 young (49152K), 7 survivors (7168K)
 Metaspace       used 94884K, committed 95552K, reserved 1138688K
  class space    used 12855K, committed 13184K, reserved 1048576K
}
Event: 9.183 GC heap after
{Heap after GC invocations=24 (full 0):
 garbage-first heap   total 150528K, used 81784K [0x0000000080000000, 0x0000000100000000)
  region size 1024K, 4 young (4096K), 4 survivors (4096K)
 Metaspace       used 94884K, committed 95552K, reserved 1138688K
  class space    used 12855K, committed 13184K, reserved 1048576K
}
Event: 9.456 GC heap before
{Heap before GC invocations=25 (full 0):
 garbage-first heap   total 153600K, used 120696K [0x0000000080000000, 0x0000000100000000)
  region size 1024K, 43 young (44032K), 4 survivors (4096K)
 Metaspace       used 95301K, committed 95936K, reserved 1138688K
  class space    used 12878K, committed 13184K, reserved 1048576K
}
Event: 9.460 GC heap after
{Heap after GC invocations=26 (full 0):
 garbage-first heap   total 153600K, used 84853K [0x0000000080000000, 0x0000000100000000)
  region size 1024K, 6 young (6144K), 6 survivors (6144K)
 Metaspace       used 95301K, committed 95936K, reserved 1138688K
  class space    used 12878K, committed 13184K, reserved 1048576K
}
Event: 9.856 GC heap before
{Heap before GC invocations=26 (full 0):
 garbage-first heap   total 153600K, used 124789K [0x0000000080000000, 0x0000000100000000)
  region size 1024K, 46 young (47104K), 6 survivors (6144K)
 Metaspace       used 98608K, committed 99392K, reserved 1138688K
  class space    used 13348K, committed 13760K, reserved 1048576K
}
Event: 9.864 GC heap after
{Heap after GC invocations=27 (full 0):
 garbage-first heap   total 184320K, used 89452K [0x0000000080000000, 0x0000000100000000)
  region size 1024K, 5 young (5120K), 5 survivors (5120K)
 Metaspace       used 98608K, committed 99392K, reserved 1138688K
  class space    used 13348K, committed 13760K, reserved 1048576K
}
Event: 10.589 GC heap before
{Heap before GC invocations=28 (full 0):
 garbage-first heap   total 184320K, used 148844K [0x0000000080000000, 0x0000000100000000)
  region size 1024K, 62 young (63488K), 5 survivors (5120K)
 Metaspace       used 103945K, committed 104640K, reserved 1146880K
  class space    used 13969K, committed 14336K, reserved 1048576K
}
Event: 10.599 GC heap after
{Heap after GC invocations=29 (full 0):
 garbage-first heap   total 184320K, used 102400K [0x0000000080000000, 0x0000000100000000)
  region size 1024K, 8 young (8192K), 8 survivors (8192K)
 Metaspace       used 103945K, committed 104640K, reserved 1146880K
  class space    used 13969K, committed 14336K, reserved 1048576K
}
Event: 10.611 GC heap before
{Heap before GC invocations=29 (full 0):
 garbage-first heap   total 184320K, used 103424K [0x0000000080000000, 0x0000000100000000)
  region size 1024K, 9 young (9216K), 8 survivors (8192K)
 Metaspace       used 104001K, committed 104704K, reserved 1146880K
  class space    used 13977K, committed 14336K, reserved 1048576K
}
Event: 10.616 GC heap after
{Heap after GC invocations=30 (full 0):
 garbage-first heap   total 184320K, used 103354K [0x0000000080000000, 0x0000000100000000)
  region size 1024K, 1 young (1024K), 1 survivors (1024K)
 Metaspace       used 104001K, committed 104704K, reserved 1146880K
  class space    used 13977K, committed 14336K, reserved 1048576K
}
Event: 11.106 GC heap before
{Heap before GC invocations=30 (full 0):
 garbage-first heap   total 184320K, used 146362K [0x0000000080000000, 0x0000000100000000)
  region size 1024K, 43 young (44032K), 1 survivors (1024K)
 Metaspace       used 105795K, committed 106496K, reserved 1146880K
  class space    used 14160K, committed 14528K, reserved 1048576K
}
Event: 11.111 GC heap after
{Heap after GC invocations=31 (full 0):
 garbage-first heap   total 184320K, used 104326K [0x0000000080000000, 0x0000000100000000)
  region size 1024K, 2 young (2048K), 2 survivors (2048K)
 Metaspace       used 105795K, committed 106496K, reserved 1146880K
  class space    used 14160K, committed 14528K, reserved 1048576K
}
Event: 11.525 GC heap before
{Heap before GC invocations=32 (full 0):
 garbage-first heap   total 191488K, used 147334K [0x0000000080000000, 0x0000000100000000)
  region size 1024K, 45 young (46080K), 2 survivors (2048K)
 Metaspace       used 106609K, committed 107392K, reserved 1146880K
  class space    used 14240K, committed 14656K, reserved 1048576K
}
Event: 11.530 GC heap after
{Heap after GC invocations=33 (full 0):
 garbage-first heap   total 191488K, used 106662K [0x0000000080000000, 0x0000000100000000)
  region size 1024K, 5 young (5120K), 5 survivors (5120K)
 Metaspace       used 106609K, committed 107392K, reserved 1146880K
  class space    used 14240K, committed 14656K, reserved 1048576K
}
Event: 11.541 GC heap before
{Heap before GC invocations=33 (full 0):
 garbage-first heap   total 191488K, used 109734K [0x0000000080000000, 0x0000000100000000)
  region size 1024K, 9 young (9216K), 5 survivors (5120K)
 Metaspace       used 106616K, committed 107456K, reserved 1146880K
  class space    used 14240K, committed 14656K, reserved 1048576K
}
Event: 11.547 GC heap after
{Heap after GC invocations=34 (full 0):
 garbage-first heap   total 191488K, used 106498K [0x0000000080000000, 0x0000000100000000)
  region size 1024K, 1 young (1024K), 1 survivors (1024K)
 Metaspace       used 106616K, committed 107456K, reserved 1146880K
  class space    used 14240K, committed 14656K, reserved 1048576K
}
Event: 11.860 GC heap before
{Heap before GC invocations=34 (full 0):
 garbage-first heap   total 191488K, used 156674K [0x0000000080000000, 0x0000000100000000)
  region size 1024K, 49 young (50176K), 1 survivors (1024K)
 Metaspace       used 109046K, committed 109824K, reserved 1146880K
  class space    used 14585K, committed 14976K, reserved 1048576K
}

