# JRE version: OpenJDK Runtime Environment (17.0.6) (build 17.0.6+0-b2043.56-10027231)
# Java VM: OpenJDK 64-Bit Server VM (17.0.6+0-b2043.56-10027231, mixed mode, tiered, compressed oops, compressed class ptrs, g1 gc, windows-amd64)
GC Precious Log:
 CPUs: 8 total, 8 available
 Memory: 16228M
 Large Page Support: Disabled
 NUMA Support: Disabled
 Compressed Oops: Enabled (32-bit)
 Heap Region Size: 1M
 Heap Min Capacity: 8M
 Heap Initial Capacity: 254M
 Heap Max Capacity: 2G
 Pre-touch: Disabled
 Parallel Workers: 8
 Concurrent Workers: 2
 Concurrent Refinement Workers: 8
 Periodic GC: Disabled
Heap:
 garbage-first heap   total 369664K, used 216183K [0x0000000080000000, 0x0000000100000000)
  region size 1024K, 82 young (83968K), 22 survivors (22528K)
 Metaspace       used 133706K, committed 134912K, reserved 1171456K
  class space    used 17586K, committed 18176K, reserved 1048576K
GC Heap History (20 events):
Event: 9.416 GC heap before
{Heap before GC invocations=37 (full 0):
 garbage-first heap   total 156672K, used 80057K [0x0000000080000000, 0x0000000100000000)
  region size 1024K, 7 young (7168K), 6 survivors (6144K)
 Metaspace       used 93307K, committed 93952K, reserved 1130496K
  class space    used 12685K, committed 12992K, reserved 1048576K
}
Event: 9.420 GC heap after
{Heap after GC invocations=38 (full 0):
 garbage-first heap   total 156672K, used 80018K [0x0000000080000000, 0x0000000100000000)
  region size 1024K, 1 young (1024K), 1 survivors (1024K)
 Metaspace       used 93307K, committed 93952K, reserved 1130496K
  class space    used 12685K, committed 12992K, reserved 1048576K
}
Event: 9.682 GC heap before
{Heap before GC invocations=38 (full 0):
 garbage-first heap   total 156672K, used 119954K [0x0000000080000000, 0x0000000100000000)
  region size 1024K, 41 young (41984K), 1 survivors (1024K)
 Metaspace       used 93778K, committed 94464K, reserved 1130496K
  class space    used 12732K, committed 13056K, reserved 1048576K
}
Event: 9.685 GC heap after
{Heap after GC invocations=39 (full 0):
 garbage-first heap   total 156672K, used 82435K [0x0000000080000000, 0x0000000100000000)
  region size 1024K, 4 young (4096K), 4 survivors (4096K)
 Metaspace       used 93778K, committed 94464K, reserved 1130496K
  class space    used 12732K, committed 13056K, reserved 1048576K
}
Event: 9.999 GC heap before
{Heap before GC invocations=40 (full 0):
 garbage-first heap   total 162816K, used 122371K [0x0000000080000000, 0x0000000100000000)
  region size 1024K, 44 young (45056K), 4 survivors (4096K)
 Metaspace       used 94649K, committed 95360K, reserved 1138688K
  class space    used 12841K, committed 13184K, reserved 1048576K
}
Event: 10.004 GC heap after
{Heap after GC invocations=41 (full 0):
 garbage-first heap   total 162816K, used 85502K [0x0000000080000000, 0x0000000100000000)
  region size 1024K, 6 young (6144K), 6 survivors (6144K)
 Metaspace       used 94649K, committed 95360K, reserved 1138688K
  class space    used 12841K, committed 13184K, reserved 1048576K
}
Event: 10.013 GC heap before
{Heap before GC invocations=41 (full 0):
 garbage-first heap   total 162816K, used 86526K [0x0000000080000000, 0x0000000100000000)
  region size 1024K, 7 young (7168K), 6 survivors (6144K)
 Metaspace       used 94656K, committed 95360K, reserved 1138688K
  class space    used 12841K, committed 13184K, reserved 1048576K
}
Event: 10.020 GC heap after
{Heap after GC invocations=42 (full 0):
 garbage-first heap   total 369664K, used 85633K [0x0000000080000000, 0x0000000100000000)
  region size 1024K, 1 young (1024K), 1 survivors (1024K)
 Metaspace       used 94656K, committed 95360K, reserved 1138688K
  class space    used 12841K, committed 13184K, reserved 1048576K
}
Event: 12.773 GC heap before
{Heap before GC invocations=42 (full 0):
 garbage-first heap   total 369664K, used 325249K [0x0000000080000000, 0x0000000100000000)
  region size 1024K, 199 young (203776K), 1 survivors (1024K)
 Metaspace       used 104252K, committed 104960K, reserved 1146880K
  class space    used 13868K, committed 14208K, reserved 1048576K
}
Event: 12.782 GC heap after
{Heap after GC invocations=43 (full 0):
 garbage-first heap   total 369664K, used 93650K [0x0000000080000000, 0x0000000100000000)
  region size 1024K, 9 young (9216K), 9 survivors (9216K)
 Metaspace       used 104252K, committed 104960K, reserved 1146880K
  class space    used 13868K, committed 14208K, reserved 1048576K
}
Event: 191.577 GC heap before
{Heap before GC invocations=43 (full 0):
 garbage-first heap   total 369664K, used 289234K [0x0000000080000000, 0x0000000100000000)
  region size 1024K, 201 young (205824K), 9 survivors (9216K)
 Metaspace       used 112860K, committed 113728K, reserved 1155072K
  class space    used 14882K, committed 15296K, reserved 1048576K
}
Event: 191.590 GC heap after
{Heap after GC invocations=44 (full 0):
 garbage-first heap   total 369664K, used 106121K [0x0000000080000000, 0x0000000100000000)
  region size 1024K, 21 young (21504K), 21 survivors (21504K)
 Metaspace       used 112860K, committed 113728K, reserved 1155072K
  class space    used 14882K, committed 15296K, reserved 1048576K
}
Event: 193.579 GC heap before
{Heap before GC invocations=44 (full 0):
 garbage-first heap   total 369664K, used 293513K [0x0000000080000000, 0x0000000100000000)
  region size 1024K, 203 young (207872K), 21 survivors (21504K)
 Metaspace       used 130124K, committed 131136K, reserved 1163264K
  class space    used 17233K, committed 17728K, reserved 1048576K
}
Event: 193.594 GC heap after
{Heap after GC invocations=45 (full 0):
 garbage-first heap   total 369664K, used 112479K [0x0000000080000000, 0x0000000100000000)
  region size 1024K, 18 young (18432K), 18 survivors (18432K)
 Metaspace       used 130124K, committed 131136K, reserved 1163264K
  class space    used 17233K, committed 17728K, reserved 1048576K
}
Event: 334.588 GC heap before
{Heap before GC invocations=45 (full 0):
 garbage-first heap   total 369664K, used 328543K [0x0000000080000000, 0x0000000100000000)
  region size 1024K, 201 young (205824K), 18 survivors (18432K)
 Metaspace       used 131841K, committed 132864K, reserved 1171456K
  class space    used 17466K, committed 17984K, reserved 1048576K
}
Event: 334.605 GC heap after
{Heap after GC invocations=46 (full 0):
 garbage-first heap   total 369664K, used 124460K [0x0000000080000000, 0x0000000100000000)
  region size 1024K, 25 young (25600K), 25 survivors (25600K)
 Metaspace       used 131841K, committed 132864K, reserved 1171456K
  class space    used 17466K, committed 17984K, reserved 1048576K
}
Event: 344.400 GC heap before
{Heap before GC invocations=46 (full 0):
 garbage-first heap   total 369664K, used 317996K [0x0000000080000000, 0x0000000100000000)
  region size 1024K, 188 young (192512K), 25 survivors (25600K)
 Metaspace       used 132973K, committed 134080K, reserved 1171456K
  class space    used 17565K, committed 18112K, reserved 1048576K
}
Event: 344.410 GC heap after
{Heap after GC invocations=47 (full 0):
 garbage-first heap   total 369664K, used 116261K [0x0000000080000000, 0x0000000100000000)
  region size 1024K, 11 young (11264K), 11 survivors (11264K)
 Metaspace       used 132973K, committed 134080K, reserved 1171456K
  class space    used 17565K, committed 18112K, reserved 1048576K
}
Event: 810.235 GC heap before
{Heap before GC invocations=47 (full 0):
 garbage-first heap   total 369664K, used 294437K [0x0000000080000000, 0x0000000100000000)
  region size 1024K, 184 young (188416K), 11 survivors (11264K)
 Metaspace       used 133436K, committed 134592K, reserved 1171456K
  class space    used 17579K, committed 18176K, reserved 1048576K
}
Event: 810.246 GC heap after
{Heap after GC invocations=48 (full 0):
 garbage-first heap   total 369664K, used 129143K [0x0000000080000000, 0x0000000100000000)
  region size 1024K, 22 young (22528K), 22 survivors (22528K)
 Metaspace       used 133436K, committed 134592K, reserved 1171456K
  class space    used 17579K, committed 18176K, reserved 1048576K
}

