# JRE version: OpenJDK Runtime Environment (17.0.6) (build 17.0.6+0-b2043.56-10027231)
# Java VM: OpenJDK 64-Bit Server VM (17.0.6+0-b2043.56-10027231, mixed mode, tiered, compressed oops, compressed class ptrs, g1 gc, windows-amd64)
GC Precious Log:
 CPUs: 8 total, 8 available
 Memory: 16228M
 Large Page Support: Disabled
 NUMA Support: Disabled
 Compressed Oops: Enabled (32-bit)
 Heap Region Size: 1M
 Heap Min Capacity: 8M
 Heap Initial Capacity: 254M
 Heap Max Capacity: 2G
 Pre-touch: Disabled
 Parallel Workers: 8
 Concurrent Workers: 2
 Concurrent Refinement Workers: 8
 Periodic GC: Disabled
Heap:
 garbage-first heap   total 392192K, used 219822K [0x0000000080000000, 0x0000000100000000)
  region size 1024K, 97 young (99328K), 5 survivors (5120K)
 Metaspace       used 136735K, committed 137472K, reserved 1171456K
  class space    used 18334K, committed 18688K, reserved 1048576K
GC Heap History (20 events):
Event: 7.951 GC heap before
{Heap before GC invocations=31 (full 0):
 garbage-first heap   total 136192K, used 80874K [0x0000000080000000, 0x0000000100000000)
  region size 1024K, 15 young (15360K), 6 survivors (6144K)
 Metaspace       used 90481K, committed 91136K, reserved 1130496K
  class space    used 12271K, committed 12544K, reserved 1048576K
}
Event: 7.957 GC heap after
{Heap after GC invocations=32 (full 0):
 garbage-first heap   total 163840K, used 76897K [0x0000000080000000, 0x0000000100000000)
  region size 1024K, 4 young (4096K), 4 survivors (4096K)
 Metaspace       used 90481K, committed 91136K, reserved 1130496K
  class space    used 12271K, committed 12544K, reserved 1048576K
}
Event: 8.334 GC heap before
{Heap before GC invocations=33 (full 0):
 garbage-first heap   total 163840K, used 122977K [0x0000000080000000, 0x0000000100000000)
  region size 1024K, 49 young (50176K), 4 survivors (4096K)
 Metaspace       used 93112K, committed 93760K, reserved 1130496K
  class space    used 12690K, committed 12992K, reserved 1048576K
}
Event: 8.340 GC heap after
{Heap after GC invocations=34 (full 0):
 garbage-first heap   total 163840K, used 79699K [0x0000000080000000, 0x0000000100000000)
  region size 1024K, 7 young (7168K), 7 survivors (7168K)
 Metaspace       used 93112K, committed 93760K, reserved 1130496K
  class space    used 12690K, committed 12992K, reserved 1048576K
}
Event: 8.344 GC heap before
{Heap before GC invocations=34 (full 0):
 garbage-first heap   total 163840K, used 80723K [0x0000000080000000, 0x0000000100000000)
  region size 1024K, 8 young (8192K), 7 survivors (7168K)
 Metaspace       used 93118K, committed 93760K, reserved 1130496K
  class space    used 12690K, committed 12992K, reserved 1048576K
}
Event: 8.349 GC heap after
{Heap after GC invocations=35 (full 0):
 garbage-first heap   total 163840K, used 80102K [0x0000000080000000, 0x0000000100000000)
  region size 1024K, 1 young (1024K), 1 survivors (1024K)
 Metaspace       used 93118K, committed 93760K, reserved 1130496K
  class space    used 12690K, committed 12992K, reserved 1048576K
}
Event: 8.525 GC heap before
{Heap before GC invocations=35 (full 0):
 garbage-first heap   total 163840K, used 105702K [0x0000000080000000, 0x0000000100000000)
  region size 1024K, 28 young (28672K), 1 survivors (1024K)
 Metaspace       used 93781K, committed 94400K, reserved 1138688K
  class space    used 12786K, committed 13056K, reserved 1048576K
}
Event: 8.527 GC heap after
{Heap after GC invocations=36 (full 0):
 garbage-first heap   total 163840K, used 81271K [0x0000000080000000, 0x0000000100000000)
  region size 1024K, 2 young (2048K), 2 survivors (2048K)
 Metaspace       used 93781K, committed 94400K, reserved 1138688K
  class space    used 12786K, committed 13056K, reserved 1048576K
}
Event: 9.043 GC heap before
{Heap before GC invocations=37 (full 0):
 garbage-first heap   total 163840K, used 130423K [0x0000000080000000, 0x0000000100000000)
  region size 1024K, 49 young (50176K), 2 survivors (2048K)
 Metaspace       used 96519K, committed 97216K, reserved 1138688K
  class space    used 13119K, committed 13440K, reserved 1048576K
}
Event: 9.054 GC heap after
{Heap after GC invocations=38 (full 0):
 garbage-first heap   total 163840K, used 103046K [0x0000000080000000, 0x0000000100000000)
  region size 1024K, 7 young (7168K), 7 survivors (7168K)
 Metaspace       used 96519K, committed 97216K, reserved 1138688K
  class space    used 13119K, committed 13440K, reserved 1048576K
}
Event: 9.077 GC heap before
{Heap before GC invocations=38 (full 0):
 garbage-first heap   total 163840K, used 107142K [0x0000000080000000, 0x0000000100000000)
  region size 1024K, 8 young (8192K), 7 survivors (7168K)
 Metaspace       used 96519K, committed 97216K, reserved 1138688K
  class space    used 13119K, committed 13440K, reserved 1048576K
}
Event: 9.082 GC heap after
{Heap after GC invocations=39 (full 0):
 garbage-first heap   total 163840K, used 106007K [0x0000000080000000, 0x0000000100000000)
  region size 1024K, 1 young (1024K), 1 survivors (1024K)
 Metaspace       used 96519K, committed 97216K, reserved 1138688K
  class space    used 13119K, committed 13440K, reserved 1048576K
}
Event: 9.089 GC heap before
{Heap before GC invocations=39 (full 0):
 garbage-first heap   total 163840K, used 106007K [0x0000000080000000, 0x0000000100000000)
  region size 1024K, 2 young (2048K), 1 survivors (1024K)
 Metaspace       used 96519K, committed 97216K, reserved 1138688K
  class space    used 13119K, committed 13440K, reserved 1048576K
}
Event: 9.092 GC heap after
{Heap after GC invocations=40 (full 0):
 garbage-first heap   total 392192K, used 105897K [0x0000000080000000, 0x0000000100000000)
  region size 1024K, 1 young (1024K), 1 survivors (1024K)
 Metaspace       used 96519K, committed 97216K, reserved 1138688K
  class space    used 13119K, committed 13440K, reserved 1048576K
}
Event: 11.220 GC heap before
{Heap before GC invocations=40 (full 0):
 garbage-first heap   total 392192K, used 327081K [0x0000000080000000, 0x0000000100000000)
  region size 1024K, 204 young (208896K), 1 survivors (1024K)
 Metaspace       used 102666K, committed 103296K, reserved 1138688K
  class space    used 13792K, committed 14080K, reserved 1048576K
}
Event: 11.231 GC heap after
{Heap after GC invocations=41 (full 0):
 garbage-first heap   total 392192K, used 122760K [0x0000000080000000, 0x0000000100000000)
  region size 1024K, 15 young (15360K), 15 survivors (15360K)
 Metaspace       used 102666K, committed 103296K, reserved 1138688K
  class space    used 13792K, committed 14080K, reserved 1048576K
}
Event: 12.875 GC heap before
{Heap before GC invocations=41 (full 0):
 garbage-first heap   total 392192K, used 290696K [0x0000000080000000, 0x0000000100000000)
  region size 1024K, 176 young (180224K), 15 survivors (15360K)
 Metaspace       used 116202K, committed 116928K, reserved 1155072K
  class space    used 15504K, committed 15872K, reserved 1048576K
}
Event: 12.886 GC heap after
{Heap after GC invocations=42 (full 0):
 garbage-first heap   total 392192K, used 129594K [0x0000000080000000, 0x0000000100000000)
  region size 1024K, 5 young (5120K), 5 survivors (5120K)
 Metaspace       used 116202K, committed 116928K, reserved 1155072K
  class space    used 15504K, committed 15872K, reserved 1048576K
}
Event: 14.777 GC heap before
{Heap before GC invocations=42 (full 0):
 garbage-first heap   total 392192K, used 333370K [0x0000000080000000, 0x0000000100000000)
  region size 1024K, 175 young (179200K), 5 survivors (5120K)
 Metaspace       used 132947K, committed 133696K, reserved 1171456K
  class space    used 18100K, committed 18496K, reserved 1048576K
}
Event: 14.783 GC heap after
{Heap after GC invocations=43 (full 0):
 garbage-first heap   total 392192K, used 127662K [0x0000000080000000, 0x0000000100000000)
  region size 1024K, 5 young (5120K), 5 survivors (5120K)
 Metaspace       used 132947K, committed 133696K, reserved 1171456K
  class space    used 18100K, committed 18496K, reserved 1048576K
}

