# JRE version: OpenJDK Runtime Environment (17.0.6) (build 17.0.6+0-b2043.56-10027231)
# Java VM: OpenJDK 64-Bit Server VM (17.0.6+0-b2043.56-10027231, mixed mode, tiered, compressed oops, compressed class ptrs, g1 gc, windows-amd64)
GC Precious Log:
 CPUs: 8 total, 8 available
 Memory: 16228M
 Large Page Support: Disabled
 NUMA Support: Disabled
 Compressed Oops: Enabled (32-bit)
 Heap Region Size: 1M
 Heap Min Capacity: 8M
 Heap Initial Capacity: 254M
 Heap Max Capacity: 2G
 Pre-touch: Disabled
 Parallel Workers: 8
 Concurrent Workers: 2
 Concurrent Refinement Workers: 8
 Periodic GC: Disabled
Heap:
 garbage-first heap   total 393216K, used 238464K [0x0000000080000000, 0x0000000100000000)
  region size 1024K, 53 young (54272K), 10 survivors (10240K)
 Metaspace       used 143945K, committed 145216K, reserved 1179648K
  class space    used 18597K, committed 19200K, reserved 1048576K
GC Heap History (20 events):
Event: 340.538 GC heap before
{Heap before GC invocations=37 (full 0):
 garbage-first heap   total 393216K, used 309781K [0x0000000080000000, 0x0000000100000000)
  region size 1024K, 194 young (198656K), 12 survivors (12288K)
 Metaspace       used 134280K, committed 135104K, reserved 1171456K
  class space    used 17748K, committed 18176K, reserved 1048576K
}
Event: 340.557 GC heap after
{Heap after GC invocations=38 (full 0):
 garbage-first heap   total 393216K, used 144213K [0x0000000080000000, 0x0000000100000000)
  region size 1024K, 25 young (25600K), 25 survivors (25600K)
 Metaspace       used 134280K, committed 135104K, reserved 1171456K
  class space    used 17748K, committed 18176K, reserved 1048576K
}
Event: 458.367 GC heap before
{Heap before GC invocations=38 (full 0):
 garbage-first heap   total 393216K, used 336725K [0x0000000080000000, 0x0000000100000000)
  region size 1024K, 183 young (187392K), 25 survivors (25600K)
 Metaspace       used 137529K, committed 138560K, reserved 1171456K
  class space    used 18072K, committed 18560K, reserved 1048576K
}
Event: 458.388 GC heap after
{Heap after GC invocations=39 (full 0):
 garbage-first heap   total 393216K, used 151519K [0x0000000080000000, 0x0000000100000000)
  region size 1024K, 12 young (12288K), 12 survivors (12288K)
 Metaspace       used 137529K, committed 138560K, reserved 1171456K
  class space    used 18072K, committed 18560K, reserved 1048576K
}
Event: 460.828 GC heap before
{Heap before GC invocations=39 (full 0):
 garbage-first heap   total 393216K, used 314335K [0x0000000080000000, 0x0000000100000000)
  region size 1024K, 169 young (173056K), 12 survivors (12288K)
 Metaspace       used 139859K, committed 140864K, reserved 1179648K
  class space    used 18262K, committed 18752K, reserved 1048576K
}
Event: 460.838 GC heap after
{Heap after GC invocations=40 (full 0):
 garbage-first heap   total 393216K, used 155615K [0x0000000080000000, 0x0000000100000000)
  region size 1024K, 16 young (16384K), 16 survivors (16384K)
 Metaspace       used 139859K, committed 140864K, reserved 1179648K
  class space    used 18262K, committed 18752K, reserved 1048576K
}
Event: 749.269 GC heap before
{Heap before GC invocations=40 (full 0):
 garbage-first heap   total 393216K, used 356319K [0x0000000080000000, 0x0000000100000000)
  region size 1024K, 172 young (176128K), 16 survivors (16384K)
 Metaspace       used 141006K, committed 141952K, reserved 1179648K
  class space    used 18347K, committed 18816K, reserved 1048576K
}
Event: 749.280 GC heap after
{Heap after GC invocations=41 (full 0):
 garbage-first heap   total 393216K, used 153887K [0x0000000080000000, 0x0000000100000000)
  region size 1024K, 11 young (11264K), 11 survivors (11264K)
 Metaspace       used 141006K, committed 141952K, reserved 1179648K
  class space    used 18347K, committed 18816K, reserved 1048576K
}
Event: 755.681 GC heap before
{Heap before GC invocations=41 (full 0):
 garbage-first heap   total 393216K, used 318751K [0x0000000080000000, 0x0000000100000000)
  region size 1024K, 171 young (175104K), 11 survivors (11264K)
 Metaspace       used 141780K, committed 142848K, reserved 1179648K
  class space    used 18416K, committed 18944K, reserved 1048576K
}
Event: 755.693 GC heap after
{Heap after GC invocations=42 (full 0):
 garbage-first heap   total 393216K, used 163909K [0x0000000080000000, 0x0000000100000000)
  region size 1024K, 19 young (19456K), 19 survivors (19456K)
 Metaspace       used 141780K, committed 142848K, reserved 1179648K
  class space    used 18416K, committed 18944K, reserved 1048576K
}
Event: 828.276 GC heap before
{Heap before GC invocations=42 (full 0):
 garbage-first heap   total 393216K, used 354373K [0x0000000080000000, 0x0000000100000000)
  region size 1024K, 165 young (168960K), 19 survivors (19456K)
 Metaspace       used 142175K, committed 143232K, reserved 1179648K
  class space    used 18421K, committed 18944K, reserved 1048576K
}
Event: 828.282 GC heap after
{Heap after GC invocations=43 (full 0):
 garbage-first heap   total 393216K, used 152529K [0x0000000080000000, 0x0000000100000000)
  region size 1024K, 4 young (4096K), 4 survivors (4096K)
 Metaspace       used 142175K, committed 143232K, reserved 1179648K
  class space    used 18421K, committed 18944K, reserved 1048576K
}
Event: 829.199 GC heap before
{Heap before GC invocations=43 (full 0):
 garbage-first heap   total 393216K, used 320465K [0x0000000080000000, 0x0000000100000000)
  region size 1024K, 167 young (171008K), 4 survivors (4096K)
 Metaspace       used 142605K, committed 143744K, reserved 1179648K
  class space    used 18480K, committed 19008K, reserved 1048576K
}
Event: 829.207 GC heap after
{Heap after GC invocations=44 (full 0):
 garbage-first heap   total 393216K, used 160142K [0x0000000080000000, 0x0000000100000000)
  region size 1024K, 9 young (9216K), 9 survivors (9216K)
 Metaspace       used 142605K, committed 143744K, reserved 1179648K
  class space    used 18480K, committed 19008K, reserved 1048576K
}
Event: 859.087 GC heap before
{Heap before GC invocations=44 (full 0):
 garbage-first heap   total 393216K, used 353678K [0x0000000080000000, 0x0000000100000000)
  region size 1024K, 166 young (169984K), 9 survivors (9216K)
 Metaspace       used 143340K, committed 144640K, reserved 1179648K
  class space    used 18585K, committed 19200K, reserved 1048576K
}
Event: 859.100 GC heap after
{Heap after GC invocations=45 (full 0):
 garbage-first heap   total 393216K, used 171780K [0x0000000080000000, 0x0000000100000000)
  region size 1024K, 21 young (21504K), 21 survivors (21504K)
 Metaspace       used 143340K, committed 144640K, reserved 1179648K
  class space    used 18585K, committed 19200K, reserved 1048576K
}
Event: 1014.620 GC heap before
{Heap before GC invocations=45 (full 0):
 garbage-first heap   total 393216K, used 342788K [0x0000000080000000, 0x0000000100000000)
  region size 1024K, 158 young (161792K), 21 survivors (21504K)
 Metaspace       used 143629K, committed 144960K, reserved 1179648K
  class space    used 18594K, committed 19200K, reserved 1048576K
}
Event: 1014.624 GC heap after
{Heap after GC invocations=46 (full 0):
 garbage-first heap   total 393216K, used 158336K [0x0000000080000000, 0x0000000100000000)
  region size 1024K, 5 young (5120K), 5 survivors (5120K)
 Metaspace       used 143629K, committed 144960K, reserved 1179648K
  class space    used 18594K, committed 19200K, reserved 1048576K
}
Event: 1015.356 GC heap before
{Heap before GC invocations=46 (full 0):
 garbage-first heap   total 393216K, used 319104K [0x0000000080000000, 0x0000000100000000)
  region size 1024K, 161 young (164864K), 5 survivors (5120K)
 Metaspace       used 143836K, committed 145152K, reserved 1179648K
  class space    used 18594K, committed 19200K, reserved 1048576K
}
Event: 1015.363 GC heap after
{Heap after GC invocations=47 (full 0):
 garbage-first heap   total 393216K, used 164736K [0x0000000080000000, 0x0000000100000000)
  region size 1024K, 10 young (10240K), 10 survivors (10240K)
 Metaspace       used 143836K, committed 145152K, reserved 1179648K
  class space    used 18594K, committed 19200K, reserved 1048576K
}

