# JRE version: OpenJDK Runtime Environment (17.0.6) (build 17.0.6+0-b2043.56-10027231)
# Java VM: OpenJDK 64-Bit Server VM (17.0.6+0-b2043.56-10027231, mixed mode, tiered, compressed oops, compressed class ptrs, g1 gc, windows-amd64)
GC Precious Log:
 CPUs: 8 total, 8 available
 Memory: 16228M
 Large Page Support: Disabled
 NUMA Support: Disabled
 Compressed Oops: Enabled (32-bit)
 Heap Region Size: 1M
 Heap Min Capacity: 8M
 Heap Initial Capacity: 254M
 Heap Max Capacity: 2G
 Pre-touch: Disabled
 Parallel Workers: 8
 Concurrent Workers: 2
 Concurrent Refinement Workers: 8
 Periodic GC: Disabled
Heap:
 garbage-first heap   total 344064K, used 148535K [0x0000000080000000, 0x0000000100000000)
  region size 1024K, 3 young (3072K), 3 survivors (3072K)
 Metaspace       used 135547K, committed 136512K, reserved 1171456K
  class space    used 17771K, committed 18240K, reserved 1048576K
GC Heap History (20 events):
Event: 13.111 GC heap after
{Heap after GC invocations=40 (full 0):
 garbage-first heap   total 344064K, used 116604K [0x0000000080000000, 0x0000000100000000)
  region size 1024K, 10 young (10240K), 10 survivors (10240K)
 Metaspace       used 127424K, committed 128256K, reserved 1163264K
  class space    used 17206K, committed 17600K, reserved 1048576K
}
Event: 13.112 GC heap before
{Heap before GC invocations=40 (full 0):
 garbage-first heap   total 344064K, used 124796K [0x0000000080000000, 0x0000000100000000)
  region size 1024K, 11 young (11264K), 10 survivors (10240K)
 Metaspace       used 127424K, committed 128256K, reserved 1163264K
  class space    used 17206K, committed 17600K, reserved 1048576K
}
Event: 13.118 GC heap after
{Heap after GC invocations=41 (full 0):
 garbage-first heap   total 344064K, used 124565K [0x0000000080000000, 0x0000000100000000)
  region size 1024K, 10 young (10240K), 10 survivors (10240K)
 Metaspace       used 127424K, committed 128256K, reserved 1163264K
  class space    used 17206K, committed 17600K, reserved 1048576K
}
Event: 112.832 GC heap before
{Heap before GC invocations=42 (full 0):
 garbage-first heap   total 344064K, used 297621K [0x0000000080000000, 0x0000000100000000)
  region size 1024K, 177 young (181248K), 10 survivors (10240K)
 Metaspace       used 132957K, committed 133696K, reserved 1171456K
  class space    used 17673K, committed 18048K, reserved 1048576K
}
Event: 112.851 GC heap after
{Heap after GC invocations=43 (full 0):
 garbage-first heap   total 344064K, used 120399K [0x0000000080000000, 0x0000000100000000)
  region size 1024K, 23 young (23552K), 23 survivors (23552K)
 Metaspace       used 132957K, committed 133696K, reserved 1171456K
  class space    used 17673K, committed 18048K, reserved 1048576K
}
Event: 112.861 GC heap before
{Heap before GC invocations=43 (full 0):
 garbage-first heap   total 344064K, used 121423K [0x0000000080000000, 0x0000000100000000)
  region size 1024K, 24 young (24576K), 23 survivors (23552K)
 Metaspace       used 132958K, committed 133696K, reserved 1171456K
  class space    used 17673K, committed 18048K, reserved 1048576K
}
Event: 112.874 GC heap after
{Heap after GC invocations=44 (full 0):
 garbage-first heap   total 344064K, used 123394K [0x0000000080000000, 0x0000000100000000)
  region size 1024K, 3 young (3072K), 3 survivors (3072K)
 Metaspace       used 132958K, committed 133696K, reserved 1171456K
  class space    used 17673K, committed 18048K, reserved 1048576K
}
Event: 113.552 GC heap before
{Heap before GC invocations=44 (full 0):
 garbage-first heap   total 344064K, used 203266K [0x0000000080000000, 0x0000000100000000)
  region size 1024K, 82 young (83968K), 3 survivors (3072K)
 Metaspace       used 133686K, committed 134528K, reserved 1171456K
  class space    used 17687K, committed 18112K, reserved 1048576K
}
Event: 113.555 GC heap after
{Heap after GC invocations=45 (full 0):
 garbage-first heap   total 344064K, used 123154K [0x0000000080000000, 0x0000000100000000)
  region size 1024K, 3 young (3072K), 3 survivors (3072K)
 Metaspace       used 133686K, committed 134528K, reserved 1171456K
  class space    used 17687K, committed 18112K, reserved 1048576K
}
Event: 204.994 GC heap before
{Heap before GC invocations=46 (full 0):
 garbage-first heap   total 344064K, used 315666K [0x0000000080000000, 0x0000000100000000)
  region size 1024K, 159 young (162816K), 3 survivors (3072K)
 Metaspace       used 134340K, committed 135168K, reserved 1171456K
  class space    used 17709K, committed 18112K, reserved 1048576K
}
Event: 205.006 GC heap after
{Heap after GC invocations=47 (full 0):
 garbage-first heap   total 344064K, used 143925K [0x0000000080000000, 0x0000000100000000)
  region size 1024K, 20 young (20480K), 20 survivors (20480K)
 Metaspace       used 134340K, committed 135168K, reserved 1171456K
  class space    used 17709K, committed 18112K, reserved 1048576K
}
Event: 205.011 GC heap before
{Heap before GC invocations=47 (full 0):
 garbage-first heap   total 344064K, used 144949K [0x0000000080000000, 0x0000000100000000)
  region size 1024K, 21 young (21504K), 20 survivors (20480K)
 Metaspace       used 134340K, committed 135168K, reserved 1171456K
  class space    used 17709K, committed 18112K, reserved 1048576K
}
Event: 205.025 GC heap after
{Heap after GC invocations=48 (full 0):
 garbage-first heap   total 344064K, used 142971K [0x0000000080000000, 0x0000000100000000)
  region size 1024K, 2 young (2048K), 2 survivors (2048K)
 Metaspace       used 134340K, committed 135168K, reserved 1171456K
  class space    used 17709K, committed 18112K, reserved 1048576K
}
Event: 205.511 GC heap before
{Heap before GC invocations=48 (full 0):
 garbage-first heap   total 344064K, used 210555K [0x0000000080000000, 0x0000000100000000)
  region size 1024K, 70 young (71680K), 2 survivors (2048K)
 Metaspace       used 134660K, committed 135552K, reserved 1171456K
  class space    used 17726K, committed 18176K, reserved 1048576K
}
Event: 205.514 GC heap after
{Heap after GC invocations=49 (full 0):
 garbage-first heap   total 344064K, used 144174K [0x0000000080000000, 0x0000000100000000)
  region size 1024K, 3 young (3072K), 3 survivors (3072K)
 Metaspace       used 134660K, committed 135552K, reserved 1171456K
  class space    used 17726K, committed 18176K, reserved 1048576K
}
Event: 249.149 GC heap before
{Heap before GC invocations=50 (full 0):
 garbage-first heap   total 344064K, used 309038K [0x0000000080000000, 0x0000000100000000)
  region size 1024K, 135 young (138240K), 3 survivors (3072K)
 Metaspace       used 135155K, committed 136128K, reserved 1171456K
  class space    used 17767K, committed 18240K, reserved 1048576K
}
Event: 249.164 GC heap after
{Heap after GC invocations=51 (full 0):
 garbage-first heap   total 344064K, used 161565K [0x0000000080000000, 0x0000000100000000)
  region size 1024K, 17 young (17408K), 17 survivors (17408K)
 Metaspace       used 135155K, committed 136128K, reserved 1171456K
  class space    used 17767K, committed 18240K, reserved 1048576K
}
Event: 249.170 GC heap before
{Heap before GC invocations=51 (full 0):
 garbage-first heap   total 344064K, used 162589K [0x0000000080000000, 0x0000000100000000)
  region size 1024K, 18 young (18432K), 17 survivors (17408K)
 Metaspace       used 135156K, committed 136128K, reserved 1171456K
  class space    used 17767K, committed 18240K, reserved 1048576K
}
Event: 249.183 GC heap after
{Heap after GC invocations=52 (full 0):
 garbage-first heap   total 344064K, used 147569K [0x0000000080000000, 0x0000000100000000)
  region size 1024K, 2 young (2048K), 2 survivors (2048K)
 Metaspace       used 135156K, committed 136128K, reserved 1171456K
  class space    used 17767K, committed 18240K, reserved 1048576K
}
Event: 249.815 GC heap before
{Heap before GC invocations=52 (full 0):
 garbage-first heap   total 344064K, used 234609K [0x0000000080000000, 0x0000000100000000)
  region size 1024K, 89 young (91136K), 2 survivors (2048K)
 Metaspace       used 135547K, committed 136512K, reserved 1171456K
  class space    used 17771K, committed 18240K, reserved 1048576K
}

