# JRE version: OpenJDK Runtime Environment (17.0.6) (build 17.0.6+0-b2043.56-10027231)
# Java VM: OpenJDK 64-Bit Server VM (17.0.6+0-b2043.56-10027231, mixed mode, tiered, compressed oops, compressed class ptrs, g1 gc, windows-amd64)
GC Precious Log:
 CPUs: 8 total, 8 available
 Memory: 16228M
 Large Page Support: Disabled
 NUMA Support: Disabled
 Compressed Oops: Enabled (32-bit)
 Heap Region Size: 1M
 Heap Min Capacity: 8M
 Heap Initial Capacity: 254M
 Heap Max Capacity: 2G
 Pre-touch: Disabled
 Parallel Workers: 8
 Concurrent Workers: 2
 Concurrent Refinement Workers: 8
 Periodic GC: Disabled
Heap:
 garbage-first heap   total 270336K, used 141705K [0x0000000080000000, 0x0000000100000000)
  region size 1024K, 9 young (9216K), 7 survivors (7168K)
 Metaspace       used 121709K, committed 122432K, reserved 1155072K
  class space    used 16612K, committed 16960K, reserved 1048576K
GC Heap History (20 events):
Event: 7.912 GC heap before
{Heap before GC invocations=30 (full 0):
 garbage-first heap   total 125952K, used 101134K [0x0000000080000000, 0x0000000100000000)
  region size 1024K, 42 young (43008K), 6 survivors (6144K)
 Metaspace       used 89352K, committed 89984K, reserved 1130496K
  class space    used 12156K, committed 12480K, reserved 1048576K
}
Event: 7.919 GC heap after
{Heap after GC invocations=31 (full 0):
 garbage-first heap   total 125952K, used 69386K [0x0000000080000000, 0x0000000100000000)
  region size 1024K, 6 young (6144K), 6 survivors (6144K)
 Metaspace       used 89352K, committed 89984K, reserved 1130496K
  class space    used 12156K, committed 12480K, reserved 1048576K
}
Event: 8.087 GC heap before
{Heap before GC invocations=31 (full 0):
 garbage-first heap   total 125952K, used 93962K [0x0000000080000000, 0x0000000100000000)
  region size 1024K, 31 young (31744K), 6 survivors (6144K)
 Metaspace       used 90349K, committed 91008K, reserved 1130496K
  class space    used 12242K, committed 12544K, reserved 1048576K
}
Event: 8.095 GC heap after
{Heap after GC invocations=32 (full 0):
 garbage-first heap   total 125952K, used 75527K [0x0000000080000000, 0x0000000100000000)
  region size 1024K, 5 young (5120K), 5 survivors (5120K)
 Metaspace       used 90349K, committed 91008K, reserved 1130496K
  class space    used 12242K, committed 12544K, reserved 1048576K
}
Event: 8.387 GC heap before
{Heap before GC invocations=33 (full 0):
 garbage-first heap   total 135168K, used 101127K [0x0000000080000000, 0x0000000100000000)
  region size 1024K, 29 young (29696K), 5 survivors (5120K)
 Metaspace       used 92936K, committed 93568K, reserved 1130496K
  class space    used 12658K, committed 12992K, reserved 1048576K
}
Event: 8.393 GC heap after
{Heap after GC invocations=34 (full 0):
 garbage-first heap   total 135168K, used 78608K [0x0000000080000000, 0x0000000100000000)
  region size 1024K, 3 young (3072K), 3 survivors (3072K)
 Metaspace       used 92936K, committed 93568K, reserved 1130496K
  class space    used 12658K, committed 12992K, reserved 1048576K
}
Event: 8.403 GC heap before
{Heap before GC invocations=34 (full 0):
 garbage-first heap   total 135168K, used 81680K [0x0000000080000000, 0x0000000100000000)
  region size 1024K, 6 young (6144K), 3 survivors (3072K)
 Metaspace       used 92940K, committed 93632K, reserved 1130496K
  class space    used 12658K, committed 12992K, reserved 1048576K
}
Event: 8.409 GC heap after
{Heap after GC invocations=35 (full 0):
 garbage-first heap   total 135168K, used 79302K [0x0000000080000000, 0x0000000100000000)
  region size 1024K, 1 young (1024K), 1 survivors (1024K)
 Metaspace       used 92940K, committed 93632K, reserved 1130496K
  class space    used 12658K, committed 12992K, reserved 1048576K
}
Event: 8.557 GC heap before
{Heap before GC invocations=35 (full 0):
 garbage-first heap   total 135168K, used 107974K [0x0000000080000000, 0x0000000100000000)
  region size 1024K, 30 young (30720K), 1 survivors (1024K)
 Metaspace       used 93124K, committed 93824K, reserved 1130496K
  class space    used 12671K, committed 12992K, reserved 1048576K
}
Event: 8.560 GC heap after
{Heap after GC invocations=36 (full 0):
 garbage-first heap   total 270336K, used 80830K [0x0000000080000000, 0x0000000100000000)
  region size 1024K, 3 young (3072K), 3 survivors (3072K)
 Metaspace       used 93124K, committed 93824K, reserved 1130496K
  class space    used 12671K, committed 12992K, reserved 1048576K
}
Event: 9.848 GC heap before
{Heap before GC invocations=37 (full 0):
 garbage-first heap   total 270336K, used 213950K [0x0000000080000000, 0x0000000100000000)
  region size 1024K, 132 young (135168K), 3 survivors (3072K)
 Metaspace       used 102035K, committed 102720K, reserved 1138688K
  class space    used 13783K, committed 14144K, reserved 1048576K
}
Event: 9.859 GC heap after
{Heap after GC invocations=38 (full 0):
 garbage-first heap   total 270336K, used 97890K [0x0000000080000000, 0x0000000100000000)
  region size 1024K, 17 young (17408K), 17 survivors (17408K)
 Metaspace       used 102035K, committed 102720K, reserved 1138688K
  class space    used 13783K, committed 14144K, reserved 1048576K
}
Event: 9.870 GC heap before
{Heap before GC invocations=38 (full 0):
 garbage-first heap   total 270336K, used 98914K [0x0000000080000000, 0x0000000100000000)
  region size 1024K, 18 young (18432K), 17 survivors (17408K)
 Metaspace       used 102056K, committed 102784K, reserved 1138688K
  class space    used 13784K, committed 14144K, reserved 1048576K
}
Event: 9.881 GC heap after
{Heap after GC invocations=39 (full 0):
 garbage-first heap   total 270336K, used 98489K [0x0000000080000000, 0x0000000100000000)
  region size 1024K, 2 young (2048K), 2 survivors (2048K)
 Metaspace       used 102056K, committed 102784K, reserved 1138688K
  class space    used 13784K, committed 14144K, reserved 1048576K
}
Event: 10.874 GC heap before
{Heap before GC invocations=39 (full 0):
 garbage-first heap   total 270336K, used 199865K [0x0000000080000000, 0x0000000100000000)
  region size 1024K, 102 young (104448K), 2 survivors (2048K)
 Metaspace       used 104756K, committed 105408K, reserved 1146880K
  class space    used 14053K, committed 14400K, reserved 1048576K
}
Event: 10.882 GC heap after
{Heap after GC invocations=40 (full 0):
 garbage-first heap   total 270336K, used 105104K [0x0000000080000000, 0x0000000100000000)
  region size 1024K, 8 young (8192K), 8 survivors (8192K)
 Metaspace       used 104756K, committed 105408K, reserved 1146880K
  class space    used 14053K, committed 14400K, reserved 1048576K
}
Event: 12.050 GC heap before
{Heap before GC invocations=40 (full 0):
 garbage-first heap   total 270336K, used 205456K [0x0000000080000000, 0x0000000100000000)
  region size 1024K, 107 young (109568K), 8 survivors (8192K)
 Metaspace       used 119986K, committed 120768K, reserved 1155072K
  class space    used 16391K, committed 16768K, reserved 1048576K
}
Event: 12.058 GC heap after
{Heap after GC invocations=41 (full 0):
 garbage-first heap   total 270336K, used 111072K [0x0000000080000000, 0x0000000100000000)
  region size 1024K, 6 young (6144K), 6 survivors (6144K)
 Metaspace       used 119986K, committed 120768K, reserved 1155072K
  class space    used 16391K, committed 16768K, reserved 1048576K
}
Event: 12.297 GC heap before
{Heap before GC invocations=41 (full 0):
 garbage-first heap   total 270336K, used 142816K [0x0000000080000000, 0x0000000100000000)
  region size 1024K, 22 young (22528K), 6 survivors (6144K)
 Metaspace       used 121691K, committed 122432K, reserved 1155072K
  class space    used 16611K, committed 16960K, reserved 1048576K
}
Event: 12.302 GC heap after
{Heap after GC invocations=42 (full 0):
 garbage-first heap   total 270336K, used 128393K [0x0000000080000000, 0x0000000100000000)
  region size 1024K, 7 young (7168K), 7 survivors (7168K)
 Metaspace       used 121691K, committed 122432K, reserved 1155072K
  class space    used 16611K, committed 16960K, reserved 1048576K
}

