# JRE version: OpenJDK Runtime Environment (17.0.6) (build 17.0.6+0-b2043.56-10027231)
# Java VM: OpenJDK 64-Bit Server VM (17.0.6+0-b2043.56-10027231, mixed mode, tiered, compressed oops, compressed class ptrs, g1 gc, windows-amd64)
GC Precious Log:
 CPUs: 8 total, 8 available
 Memory: 16228M
 Large Page Support: Disabled
 NUMA Support: Disabled
 Compressed Oops: Enabled (32-bit)
 Heap Region Size: 1M
 Heap Min Capacity: 8M
 Heap Initial Capacity: 254M
 Heap Max Capacity: 2G
 Pre-touch: Disabled
 Parallel Workers: 8
 Concurrent Workers: 2
 Concurrent Refinement Workers: 8
 Periodic GC: Disabled
Heap:
 garbage-first heap   total 299008K, used 141436K [0x0000000080000000, 0x0000000100000000)
  region size 1024K, 6 young (6144K), 6 survivors (6144K)
 Metaspace       used 115925K, committed 117120K, reserved 1155072K
  class space    used 15045K, committed 15616K, reserved 1048576K
GC Heap History (20 events):
Event: 416.859 GC heap after
{Heap after GC invocations=50 (full 0):
 garbage-first heap   total 288768K, used 130530K [0x0000000080000000, 0x0000000100000000)
  region size 1024K, 2 young (2048K), 2 survivors (2048K)
 Metaspace       used 113849K, committed 114816K, reserved 1155072K
  class space    used 14807K, committed 15296K, reserved 1048576K
}
Event: 416.975 GC heap before
{Heap before GC invocations=50 (full 0):
 garbage-first heap   total 288768K, used 145890K [0x0000000080000000, 0x0000000100000000)
  region size 1024K, 19 young (19456K), 2 survivors (2048K)
 Metaspace       used 113941K, committed 114944K, reserved 1155072K
  class space    used 14807K, committed 15296K, reserved 1048576K
}
Event: 416.979 GC heap after
{Heap after GC invocations=51 (full 0):
 garbage-first heap   total 288768K, used 132450K [0x0000000080000000, 0x0000000100000000)
  region size 1024K, 4 young (4096K), 4 survivors (4096K)
 Metaspace       used 113941K, committed 114944K, reserved 1155072K
  class space    used 14807K, committed 15296K, reserved 1048576K
}
Event: 422.359 GC heap before
{Heap before GC invocations=52 (full 0):
 garbage-first heap   total 288768K, used 222562K [0x0000000080000000, 0x0000000100000000)
  region size 1024K, 84 young (86016K), 4 survivors (4096K)
 Metaspace       used 114506K, committed 115520K, reserved 1155072K
  class space    used 14886K, committed 15360K, reserved 1048576K
}
Event: 422.366 GC heap after
{Heap after GC invocations=53 (full 0):
 garbage-first heap   total 288768K, used 124021K [0x0000000080000000, 0x0000000100000000)
  region size 1024K, 6 young (6144K), 6 survivors (6144K)
 Metaspace       used 114506K, committed 115520K, reserved 1155072K
  class space    used 14886K, committed 15360K, reserved 1048576K
}
Event: 422.401 GC heap before
{Heap before GC invocations=53 (full 0):
 garbage-first heap   total 288768K, used 132213K [0x0000000080000000, 0x0000000100000000)
  region size 1024K, 14 young (14336K), 6 survivors (6144K)
 Metaspace       used 114518K, committed 115520K, reserved 1155072K
  class space    used 14887K, committed 15360K, reserved 1048576K
}
Event: 422.406 GC heap after
{Heap after GC invocations=54 (full 0):
 garbage-first heap   total 288768K, used 105798K [0x0000000080000000, 0x0000000100000000)
  region size 1024K, 2 young (2048K), 2 survivors (2048K)
 Metaspace       used 114518K, committed 115520K, reserved 1155072K
  class space    used 14887K, committed 15360K, reserved 1048576K
}
Event: 434.745 GC heap before
{Heap before GC invocations=54 (full 0):
 garbage-first heap   total 288768K, used 210246K [0x0000000080000000, 0x0000000100000000)
  region size 1024K, 105 young (107520K), 2 survivors (2048K)
 Metaspace       used 114873K, committed 115840K, reserved 1155072K
  class space    used 14905K, committed 15360K, reserved 1048576K
}
Event: 434.752 GC heap after
{Heap after GC invocations=55 (full 0):
 garbage-first heap   total 288768K, used 114240K [0x0000000080000000, 0x0000000100000000)
  region size 1024K, 10 young (10240K), 10 survivors (10240K)
 Metaspace       used 114873K, committed 115840K, reserved 1155072K
  class space    used 14905K, committed 15360K, reserved 1048576K
}
Event: 436.147 GC heap before
{Heap before GC invocations=56 (full 0):
 garbage-first heap   total 288768K, used 235072K [0x0000000080000000, 0x0000000100000000)
  region size 1024K, 110 young (112640K), 10 survivors (10240K)
 Metaspace       used 115140K, committed 116160K, reserved 1155072K
  class space    used 14911K, committed 15424K, reserved 1048576K
}
Event: 436.157 GC heap after
{Heap after GC invocations=57 (full 0):
 garbage-first heap   total 288768K, used 122425K [0x0000000080000000, 0x0000000100000000)
  region size 1024K, 9 young (9216K), 9 survivors (9216K)
 Metaspace       used 115140K, committed 116160K, reserved 1155072K
  class space    used 14911K, committed 15424K, reserved 1048576K
}
Event: 436.167 GC heap before
{Heap before GC invocations=57 (full 0):
 garbage-first heap   total 288768K, used 126521K [0x0000000080000000, 0x0000000100000000)
  region size 1024K, 14 young (14336K), 9 survivors (9216K)
 Metaspace       used 115143K, committed 116160K, reserved 1155072K
  class space    used 14911K, committed 15424K, reserved 1048576K
}
Event: 436.172 GC heap after
{Heap after GC invocations=58 (full 0):
 garbage-first heap   total 288768K, used 116644K [0x0000000080000000, 0x0000000100000000)
  region size 1024K, 2 young (2048K), 2 survivors (2048K)
 Metaspace       used 115143K, committed 116160K, reserved 1155072K
  class space    used 14911K, committed 15424K, reserved 1048576K
}
Event: 436.355 GC heap before
{Heap before GC invocations=58 (full 0):
 garbage-first heap   total 288768K, used 147364K [0x0000000080000000, 0x0000000100000000)
  region size 1024K, 34 young (34816K), 2 survivors (2048K)
 Metaspace       used 115161K, committed 116160K, reserved 1155072K
  class space    used 14911K, committed 15424K, reserved 1048576K
}
Event: 436.357 GC heap after
{Heap after GC invocations=59 (full 0):
 garbage-first heap   total 288768K, used 116980K [0x0000000080000000, 0x0000000100000000)
  region size 1024K, 2 young (2048K), 2 survivors (2048K)
 Metaspace       used 115161K, committed 116160K, reserved 1155072K
  class space    used 14911K, committed 15424K, reserved 1048576K
}
Event: 498.281 GC heap before
{Heap before GC invocations=60 (full 0):
 garbage-first heap   total 288768K, used 268532K [0x0000000080000000, 0x0000000100000000)
  region size 1024K, 106 young (108544K), 2 survivors (2048K)
 Metaspace       used 115585K, committed 116672K, reserved 1155072K
  class space    used 14969K, committed 15488K, reserved 1048576K
}
Event: 498.312 GC heap after
{Heap after GC invocations=61 (full 0):
 garbage-first heap   total 299008K, used 147166K [0x0000000080000000, 0x0000000100000000)
  region size 1024K, 14 young (14336K), 14 survivors (14336K)
 Metaspace       used 115585K, committed 116672K, reserved 1155072K
  class space    used 14969K, committed 15488K, reserved 1048576K
}
Event: 498.389 GC heap before
{Heap before GC invocations=61 (full 0):
 garbage-first heap   total 299008K, used 152286K [0x0000000080000000, 0x0000000100000000)
  region size 1024K, 15 young (15360K), 14 survivors (14336K)
 Metaspace       used 115605K, committed 116672K, reserved 1155072K
  class space    used 14972K, committed 15488K, reserved 1048576K
}
Event: 498.411 GC heap after
{Heap after GC invocations=62 (full 0):
 garbage-first heap   total 299008K, used 137485K [0x0000000080000000, 0x0000000100000000)
  region size 1024K, 2 young (2048K), 2 survivors (2048K)
 Metaspace       used 115605K, committed 116672K, reserved 1155072K
  class space    used 14972K, committed 15488K, reserved 1048576K
}
Event: 503.057 GC heap before
{Heap before GC invocations=62 (full 0):
 garbage-first heap   total 299008K, used 208141K [0x0000000080000000, 0x0000000100000000)
  region size 1024K, 73 young (74752K), 2 survivors (2048K)
 Metaspace       used 115925K, committed 117120K, reserved 1155072K
  class space    used 15045K, committed 15616K, reserved 1048576K
}

